<?xml version="1.0" encoding="UTF-8"?>
<testsuite xmlns:xsi="http://www.w3.org/2001/XMLSchema-instance" xsi:noNamespaceSchemaLocation="https://maven.apache.org/surefire/maven-surefire-plugin/xsd/surefire-test-report.xsd" name="net.javaguides.springboot.SpringbootThymeleafCrudWebAppApplicationTests" time="2.966" tests="1" errors="0" skipped="0" failures="0">
  <properties>
    <property name="java.specification.version" value="17"/>
    <property name="sun.jnu.encoding" value="UTF-8"/>
    <property name="java.class.path" value="/Users/harikirtan/Documents/GitHub/iyf/target/test-classes:/Users/harikirtan/Documents/GitHub/iyf/target/classes:/Users/harikirtan/.m2/repository/org/springframework/boot/spring-boot-starter-data-jpa/2.2.13.RELEASE/spring-boot-starter-data-jpa-2.2.13.RELEASE.jar:/Users/harikirtan/.m2/repository/org/springframework/boot/spring-boot-starter-aop/2.2.13.RELEASE/spring-boot-starter-aop-2.2.13.RELEASE.jar:/Users/harikirtan/.m2/repository/org/aspectj/aspectjweaver/1.9.6/aspectjweaver-1.9.6.jar:/Users/harikirtan/.m2/repository/org/springframework/boot/spring-boot-starter-jdbc/2.2.13.RELEASE/spring-boot-starter-jdbc-2.2.13.RELEASE.jar:/Users/harikirtan/.m2/repository/com/zaxxer/HikariCP/3.4.5/HikariCP-3.4.5.jar:/Users/harikirtan/.m2/repository/org/springframework/spring-jdbc/5.2.12.RELEASE/spring-jdbc-5.2.12.RELEASE.jar:/Users/harikirtan/.m2/repository/jakarta/persistence/jakarta.persistence-api/2.2.3/jakarta.persistence-api-2.2.3.jar:/Users/harikirtan/.m2/repository/jakarta/transaction/jakarta.transaction-api/1.3.3/jakarta.transaction-api-1.3.3.jar:/Users/harikirtan/.m2/repository/org/hibernate/hibernate-core/5.4.27.Final/hibernate-core-5.4.27.Final.jar:/Users/harikirtan/.m2/repository/org/jboss/logging/jboss-logging/3.4.1.Final/jboss-logging-3.4.1.Final.jar:/Users/harikirtan/.m2/repository/org/javassist/javassist/3.27.0-GA/javassist-3.27.0-GA.jar:/Users/harikirtan/.m2/repository/net/bytebuddy/byte-buddy/1.10.19/byte-buddy-1.10.19.jar:/Users/harikirtan/.m2/repository/antlr/antlr/2.7.7/antlr-2.7.7.jar:/Users/harikirtan/.m2/repository/org/jboss/jandex/2.1.3.Final/jandex-2.1.3.Final.jar:/Users/harikirtan/.m2/repository/com/fasterxml/classmate/1.5.1/classmate-1.5.1.jar:/Users/harikirtan/.m2/repository/org/dom4j/dom4j/2.1.3/dom4j-2.1.3.jar:/Users/harikirtan/.m2/repository/org/hibernate/common/hibernate-commons-annotations/5.1.2.Final/hibernate-commons-annotations-5.1.2.Final.jar:/Users/harikirtan/.m2/repository/org/glassfish/jaxb/jaxb-runtime/2.3.3/jaxb-runtime-2.3.3.jar:/Users/harikirtan/.m2/repository/org/glassfish/jaxb/txw2/2.3.3/txw2-2.3.3.jar:/Users/harikirtan/.m2/repository/com/sun/istack/istack-commons-runtime/3.0.11/istack-commons-runtime-3.0.11.jar:/Users/harikirtan/.m2/repository/com/sun/activation/jakarta.activation/1.2.2/jakarta.activation-1.2.2.jar:/Users/harikirtan/.m2/repository/org/springframework/data/spring-data-jpa/2.2.12.RELEASE/spring-data-jpa-2.2.12.RELEASE.jar:/Users/harikirtan/.m2/repository/org/springframework/data/spring-data-commons/2.2.12.RELEASE/spring-data-commons-2.2.12.RELEASE.jar:/Users/harikirtan/.m2/repository/org/springframework/spring-orm/5.2.12.RELEASE/spring-orm-5.2.12.RELEASE.jar:/Users/harikirtan/.m2/repository/org/springframework/spring-context/5.2.12.RELEASE/spring-context-5.2.12.RELEASE.jar:/Users/harikirtan/.m2/repository/org/springframework/spring-tx/5.2.12.RELEASE/spring-tx-5.2.12.RELEASE.jar:/Users/harikirtan/.m2/repository/org/springframework/spring-beans/5.2.12.RELEASE/spring-beans-5.2.12.RELEASE.jar:/Users/harikirtan/.m2/repository/org/springframework/spring-aspects/5.2.12.RELEASE/spring-aspects-5.2.12.RELEASE.jar:/Users/harikirtan/.m2/repository/org/springframework/boot/spring-boot-starter-thymeleaf/2.2.13.RELEASE/spring-boot-starter-thymeleaf-2.2.13.RELEASE.jar:/Users/harikirtan/.m2/repository/org/springframework/boot/spring-boot-starter/2.2.13.RELEASE/spring-boot-starter-2.2.13.RELEASE.jar:/Users/harikirtan/.m2/repository/org/springframework/boot/spring-boot-starter-logging/2.2.13.RELEASE/spring-boot-starter-logging-2.2.13.RELEASE.jar:/Users/harikirtan/.m2/repository/ch/qos/logback/logback-classic/1.2.3/logback-classic-1.2.3.jar:/Users/harikirtan/.m2/repository/ch/qos/logback/logback-core/1.2.3/logback-core-1.2.3.jar:/Users/harikirtan/.m2/repository/org/apache/logging/log4j/log4j-to-slf4j/2.12.1/log4j-to-slf4j-2.12.1.jar:/Users/harikirtan/.m2/repository/org/apache/logging/log4j/log4j-api/2.12.1/log4j-api-2.12.1.jar:/Users/harikirtan/.m2/repository/org/slf4j/jul-to-slf4j/1.7.30/jul-to-slf4j-1.7.30.jar:/Users/harikirtan/.m2/repository/jakarta/annotation/jakarta.annotation-api/1.3.5/jakarta.annotation-api-1.3.5.jar:/Users/harikirtan/.m2/repository/org/yaml/snakeyaml/1.25/snakeyaml-1.25.jar:/Users/harikirtan/.m2/repository/org/thymeleaf/thymeleaf-spring5/3.0.12.RELEASE/thymeleaf-spring5-3.0.12.RELEASE.jar:/Users/harikirtan/.m2/repository/org/thymeleaf/thymeleaf/3.0.12.RELEASE/thymeleaf-3.0.12.RELEASE.jar:/Users/harikirtan/.m2/repository/org/attoparser/attoparser/2.0.5.RELEASE/attoparser-2.0.5.RELEASE.jar:/Users/harikirtan/.m2/repository/org/unbescape/unbescape/1.1.6.RELEASE/unbescape-1.1.6.RELEASE.jar:/Users/harikirtan/.m2/repository/org/thymeleaf/extras/thymeleaf-extras-java8time/3.0.4.RELEASE/thymeleaf-extras-java8time-3.0.4.RELEASE.jar:/Users/harikirtan/.m2/repository/org/springframework/boot/spring-boot-starter-web/2.2.13.RELEASE/spring-boot-starter-web-2.2.13.RELEASE.jar:/Users/harikirtan/.m2/repository/org/springframework/boot/spring-boot-starter-json/2.2.13.RELEASE/spring-boot-starter-json-2.2.13.RELEASE.jar:/Users/harikirtan/.m2/repository/com/fasterxml/jackson/datatype/jackson-datatype-jdk8/2.14.1/jackson-datatype-jdk8-2.14.1.jar:/Users/harikirtan/.m2/repository/com/fasterxml/jackson/module/jackson-module-parameter-names/2.14.1/jackson-module-parameter-names-2.14.1.jar:/Users/harikirtan/.m2/repository/org/springframework/boot/spring-boot-starter-tomcat/2.2.13.RELEASE/spring-boot-starter-tomcat-2.2.13.RELEASE.jar:/Users/harikirtan/.m2/repository/org/apache/tomcat/embed/tomcat-embed-core/9.0.41/tomcat-embed-core-9.0.41.jar:/Users/harikirtan/.m2/repository/org/apache/tomcat/embed/tomcat-embed-websocket/9.0.41/tomcat-embed-websocket-9.0.41.jar:/Users/harikirtan/.m2/repository/org/springframework/spring-web/5.2.12.RELEASE/spring-web-5.2.12.RELEASE.jar:/Users/harikirtan/.m2/repository/org/springframework/spring-webmvc/5.2.12.RELEASE/spring-webmvc-5.2.12.RELEASE.jar:/Users/harikirtan/.m2/repository/org/springframework/spring-expression/5.2.12.RELEASE/spring-expression-5.2.12.RELEASE.jar:/Users/harikirtan/.m2/repository/org/springframework/boot/spring-boot-starter-security/2.2.13.RELEASE/spring-boot-starter-security-2.2.13.RELEASE.jar:/Users/harikirtan/.m2/repository/org/springframework/spring-aop/5.2.12.RELEASE/spring-aop-5.2.12.RELEASE.jar:/Users/harikirtan/.m2/repository/org/springframework/security/spring-security-config/5.2.8.RELEASE/spring-security-config-5.2.8.RELEASE.jar:/Users/harikirtan/.m2/repository/org/springframework/security/spring-security-core/5.2.8.RELEASE/spring-security-core-5.2.8.RELEASE.jar:/Users/harikirtan/.m2/repository/org/springframework/security/spring-security-web/5.2.8.RELEASE/spring-security-web-5.2.8.RELEASE.jar:/Users/harikirtan/.m2/repository/org/springframework/boot/spring-boot-starter-validation/2.2.13.RELEASE/spring-boot-starter-validation-2.2.13.RELEASE.jar:/Users/harikirtan/.m2/repository/jakarta/validation/jakarta.validation-api/2.0.2/jakarta.validation-api-2.0.2.jar:/Users/harikirtan/.m2/repository/org/apache/tomcat/embed/tomcat-embed-el/9.0.41/tomcat-embed-el-9.0.41.jar:/Users/harikirtan/.m2/repository/org/hibernate/validator/hibernate-validator/6.0.22.Final/hibernate-validator-6.0.22.Final.jar:/Users/harikirtan/.m2/repository/org/thymeleaf/extras/thymeleaf-extras-springsecurity5/3.0.4.RELEASE/thymeleaf-extras-springsecurity5-3.0.4.RELEASE.jar:/Users/harikirtan/.m2/repository/org/slf4j/slf4j-api/1.7.30/slf4j-api-1.7.30.jar:/Users/harikirtan/.m2/repository/com/mchange/c3p0/0.9.5.5/c3p0-0.9.5.5.jar:/Users/harikirtan/.m2/repository/com/mchange/mchange-commons-java/0.2.19/mchange-commons-java-0.2.19.jar:/Users/harikirtan/.m2/repository/org/springframework/boot/spring-boot-devtools/2.2.13.RELEASE/spring-boot-devtools-2.2.13.RELEASE.jar:/Users/harikirtan/.m2/repository/org/springframework/boot/spring-boot/2.2.13.RELEASE/spring-boot-2.2.13.RELEASE.jar:/Users/harikirtan/.m2/repository/org/springframework/boot/spring-boot-autoconfigure/2.2.13.RELEASE/spring-boot-autoconfigure-2.2.13.RELEASE.jar:/Users/harikirtan/.m2/repository/org/postgresql/postgresql/42.2.18/postgresql-42.2.18.jar:/Users/harikirtan/.m2/repository/org/checkerframework/checker-qual/3.5.0/checker-qual-3.5.0.jar:/Users/harikirtan/.m2/repository/com/twilio/sdk/twilio/9.6.0/twilio-9.6.0.jar:/Users/harikirtan/.m2/repository/commons-codec/commons-codec/1.13/commons-codec-1.13.jar:/Users/harikirtan/.m2/repository/commons-io/commons-io/2.7/commons-io-2.7.jar:/Users/harikirtan/.m2/repository/io/jsonwebtoken/jjwt-api/0.11.2/jjwt-api-0.11.2.jar:/Users/harikirtan/.m2/repository/io/jsonwebtoken/jjwt-jackson/0.11.2/jjwt-jackson-0.11.2.jar:/Users/harikirtan/.m2/repository/io/jsonwebtoken/jjwt-impl/0.11.2/jjwt-impl-0.11.2.jar:/Users/harikirtan/.m2/repository/org/apache/httpcomponents/httpclient/4.5.13/httpclient-4.5.13.jar:/Users/harikirtan/.m2/repository/org/apache/httpcomponents/httpcore/4.4.14/httpcore-4.4.14.jar:/Users/harikirtan/.m2/repository/com/fasterxml/jackson/core/jackson-core/2.14.1/jackson-core-2.14.1.jar:/Users/harikirtan/.m2/repository/com/fasterxml/jackson/core/jackson-annotations/2.14.1/jackson-annotations-2.14.1.jar:/Users/harikirtan/.m2/repository/com/fasterxml/jackson/datatype/jackson-datatype-jsr310/2.14.1/jackson-datatype-jsr310-2.14.1.jar:/Users/harikirtan/.m2/repository/com/fasterxml/jackson/dataformat/jackson-dataformat-xml/2.14.1/jackson-dataformat-xml-2.14.1.jar:/Users/harikirtan/.m2/repository/org/codehaus/woodstox/stax2-api/4.2.1/stax2-api-4.2.1.jar:/Users/harikirtan/.m2/repository/com/fasterxml/woodstox/woodstox-core/6.4.0/woodstox-core-6.4.0.jar:/Users/harikirtan/.m2/repository/org/json/json/20220320/json-20220320.jar:/Users/harikirtan/.m2/repository/com/google/guava/guava/23.4-jre/guava-23.4-jre.jar:/Users/harikirtan/.m2/repository/com/google/code/findbugs/jsr305/1.3.9/jsr305-1.3.9.jar:/Users/harikirtan/.m2/repository/com/google/errorprone/error_prone_annotations/2.0.18/error_prone_annotations-2.0.18.jar:/Users/harikirtan/.m2/repository/com/google/j2objc/j2objc-annotations/1.1/j2objc-annotations-1.1.jar:/Users/harikirtan/.m2/repository/org/codehaus/mojo/animal-sniffer-annotations/1.14/animal-sniffer-annotations-1.14.jar:/Users/harikirtan/.m2/repository/com/fasterxml/jackson/core/jackson-databind/2.15.2/jackson-databind-2.15.2.jar:/Users/harikirtan/.m2/repository/org/springframework/boot/spring-boot-starter-test/2.2.13.RELEASE/spring-boot-starter-test-2.2.13.RELEASE.jar:/Users/harikirtan/.m2/repository/org/springframework/boot/spring-boot-test/2.2.13.RELEASE/spring-boot-test-2.2.13.RELEASE.jar:/Users/harikirtan/.m2/repository/org/springframework/boot/spring-boot-test-autoconfigure/2.2.13.RELEASE/spring-boot-test-autoconfigure-2.2.13.RELEASE.jar:/Users/harikirtan/.m2/repository/com/jayway/jsonpath/json-path/2.4.0/json-path-2.4.0.jar:/Users/harikirtan/.m2/repository/net/minidev/json-smart/2.3/json-smart-2.3.jar:/Users/harikirtan/.m2/repository/net/minidev/accessors-smart/1.2/accessors-smart-1.2.jar:/Users/harikirtan/.m2/repository/org/ow2/asm/asm/5.0.4/asm-5.0.4.jar:/Users/harikirtan/.m2/repository/jakarta/xml/bind/jakarta.xml.bind-api/2.3.3/jakarta.xml.bind-api-2.3.3.jar:/Users/harikirtan/.m2/repository/jakarta/activation/jakarta.activation-api/1.2.2/jakarta.activation-api-1.2.2.jar:/Users/harikirtan/.m2/repository/org/junit/jupiter/junit-jupiter/5.5.2/junit-jupiter-5.5.2.jar:/Users/harikirtan/.m2/repository/org/junit/jupiter/junit-jupiter-api/5.5.2/junit-jupiter-api-5.5.2.jar:/Users/harikirtan/.m2/repository/org/apiguardian/apiguardian-api/1.1.0/apiguardian-api-1.1.0.jar:/Users/harikirtan/.m2/repository/org/opentest4j/opentest4j/1.2.0/opentest4j-1.2.0.jar:/Users/harikirtan/.m2/repository/org/junit/platform/junit-platform-commons/1.5.2/junit-platform-commons-1.5.2.jar:/Users/harikirtan/.m2/repository/org/junit/jupiter/junit-jupiter-params/5.5.2/junit-jupiter-params-5.5.2.jar:/Users/harikirtan/.m2/repository/org/junit/jupiter/junit-jupiter-engine/5.5.2/junit-jupiter-engine-5.5.2.jar:/Users/harikirtan/.m2/repository/org/junit/platform/junit-platform-engine/1.5.2/junit-platform-engine-1.5.2.jar:/Users/harikirtan/.m2/repository/org/mockito/mockito-junit-jupiter/3.1.0/mockito-junit-jupiter-3.1.0.jar:/Users/harikirtan/.m2/repository/org/assertj/assertj-core/3.13.2/assertj-core-3.13.2.jar:/Users/harikirtan/.m2/repository/org/hamcrest/hamcrest/2.1/hamcrest-2.1.jar:/Users/harikirtan/.m2/repository/org/mockito/mockito-core/3.1.0/mockito-core-3.1.0.jar:/Users/harikirtan/.m2/repository/net/bytebuddy/byte-buddy-agent/1.10.19/byte-buddy-agent-1.10.19.jar:/Users/harikirtan/.m2/repository/org/objenesis/objenesis/2.6/objenesis-2.6.jar:/Users/harikirtan/.m2/repository/org/skyscreamer/jsonassert/1.5.0/jsonassert-1.5.0.jar:/Users/harikirtan/.m2/repository/com/vaadin/external/google/android-json/0.0.20131108.vaadin1/android-json-0.0.20131108.vaadin1.jar:/Users/harikirtan/.m2/repository/org/springframework/spring-core/5.2.12.RELEASE/spring-core-5.2.12.RELEASE.jar:/Users/harikirtan/.m2/repository/org/springframework/spring-jcl/5.2.12.RELEASE/spring-jcl-5.2.12.RELEASE.jar:/Users/harikirtan/.m2/repository/org/springframework/spring-test/5.2.12.RELEASE/spring-test-5.2.12.RELEASE.jar:/Users/harikirtan/.m2/repository/org/xmlunit/xmlunit-core/2.6.4/xmlunit-core-2.6.4.jar:"/>
    <property name="java.vm.vendor" value="Eclipse Adoptium"/>
    <property name="sun.arch.data.model" value="64"/>
    <property name="java.vendor.url" value="https://adoptium.net/"/>
    <property name="os.name" value="Mac OS X"/>
    <property name="java.vm.specification.version" value="17"/>
    <property name="sun.java.launcher" value="SUN_STANDARD"/>
    <property name="user.country" value="IN"/>
    <property name="sun.boot.library.path" value="/Applications/SpringToolSuite4.app/Contents/Eclipse/plugins/org.eclipse.justj.openjdk.hotspot.jre.full.macosx.aarch64_17.0.6.v20230204-1729/jre/lib"/>
    <property name="sun.java.command" value="/Users/harikirtan/Documents/GitHub/iyf/target/surefire/surefirebooter8779732193743829886.jar /Users/harikirtan/Documents/GitHub/iyf/target/surefire 2023-08-02T08-37-40_394-jvmRun1 surefire12281231021605091717tmp surefire_010310236542374617861tmp"/>
    <property name="http.nonProxyHosts" value="local|*.local|169.254/16|*.169.254/16"/>
    <property name="jdk.debug" value="release"/>
    <property name="surefire.test.class.path" value="/Users/harikirtan/Documents/GitHub/iyf/target/test-classes:/Users/harikirtan/Documents/GitHub/iyf/target/classes:/Users/harikirtan/.m2/repository/org/springframework/boot/spring-boot-starter-data-jpa/2.2.13.RELEASE/spring-boot-starter-data-jpa-2.2.13.RELEASE.jar:/Users/harikirtan/.m2/repository/org/springframework/boot/spring-boot-starter-aop/2.2.13.RELEASE/spring-boot-starter-aop-2.2.13.RELEASE.jar:/Users/harikirtan/.m2/repository/org/aspectj/aspectjweaver/1.9.6/aspectjweaver-1.9.6.jar:/Users/harikirtan/.m2/repository/org/springframework/boot/spring-boot-starter-jdbc/2.2.13.RELEASE/spring-boot-starter-jdbc-2.2.13.RELEASE.jar:/Users/harikirtan/.m2/repository/com/zaxxer/HikariCP/3.4.5/HikariCP-3.4.5.jar:/Users/harikirtan/.m2/repository/org/springframework/spring-jdbc/5.2.12.RELEASE/spring-jdbc-5.2.12.RELEASE.jar:/Users/harikirtan/.m2/repository/jakarta/persistence/jakarta.persistence-api/2.2.3/jakarta.persistence-api-2.2.3.jar:/Users/harikirtan/.m2/repository/jakarta/transaction/jakarta.transaction-api/1.3.3/jakarta.transaction-api-1.3.3.jar:/Users/harikirtan/.m2/repository/org/hibernate/hibernate-core/5.4.27.Final/hibernate-core-5.4.27.Final.jar:/Users/harikirtan/.m2/repository/org/jboss/logging/jboss-logging/3.4.1.Final/jboss-logging-3.4.1.Final.jar:/Users/harikirtan/.m2/repository/org/javassist/javassist/3.27.0-GA/javassist-3.27.0-GA.jar:/Users/harikirtan/.m2/repository/net/bytebuddy/byte-buddy/1.10.19/byte-buddy-1.10.19.jar:/Users/harikirtan/.m2/repository/antlr/antlr/2.7.7/antlr-2.7.7.jar:/Users/harikirtan/.m2/repository/org/jboss/jandex/2.1.3.Final/jandex-2.1.3.Final.jar:/Users/harikirtan/.m2/repository/com/fasterxml/classmate/1.5.1/classmate-1.5.1.jar:/Users/harikirtan/.m2/repository/org/dom4j/dom4j/2.1.3/dom4j-2.1.3.jar:/Users/harikirtan/.m2/repository/org/hibernate/common/hibernate-commons-annotations/5.1.2.Final/hibernate-commons-annotations-5.1.2.Final.jar:/Users/harikirtan/.m2/repository/org/glassfish/jaxb/jaxb-runtime/2.3.3/jaxb-runtime-2.3.3.jar:/Users/harikirtan/.m2/repository/org/glassfish/jaxb/txw2/2.3.3/txw2-2.3.3.jar:/Users/harikirtan/.m2/repository/com/sun/istack/istack-commons-runtime/3.0.11/istack-commons-runtime-3.0.11.jar:/Users/harikirtan/.m2/repository/com/sun/activation/jakarta.activation/1.2.2/jakarta.activation-1.2.2.jar:/Users/harikirtan/.m2/repository/org/springframework/data/spring-data-jpa/2.2.12.RELEASE/spring-data-jpa-2.2.12.RELEASE.jar:/Users/harikirtan/.m2/repository/org/springframework/data/spring-data-commons/2.2.12.RELEASE/spring-data-commons-2.2.12.RELEASE.jar:/Users/harikirtan/.m2/repository/org/springframework/spring-orm/5.2.12.RELEASE/spring-orm-5.2.12.RELEASE.jar:/Users/harikirtan/.m2/repository/org/springframework/spring-context/5.2.12.RELEASE/spring-context-5.2.12.RELEASE.jar:/Users/harikirtan/.m2/repository/org/springframework/spring-tx/5.2.12.RELEASE/spring-tx-5.2.12.RELEASE.jar:/Users/harikirtan/.m2/repository/org/springframework/spring-beans/5.2.12.RELEASE/spring-beans-5.2.12.RELEASE.jar:/Users/harikirtan/.m2/repository/org/springframework/spring-aspects/5.2.12.RELEASE/spring-aspects-5.2.12.RELEASE.jar:/Users/harikirtan/.m2/repository/org/springframework/boot/spring-boot-starter-thymeleaf/2.2.13.RELEASE/spring-boot-starter-thymeleaf-2.2.13.RELEASE.jar:/Users/harikirtan/.m2/repository/org/springframework/boot/spring-boot-starter/2.2.13.RELEASE/spring-boot-starter-2.2.13.RELEASE.jar:/Users/harikirtan/.m2/repository/org/springframework/boot/spring-boot-starter-logging/2.2.13.RELEASE/spring-boot-starter-logging-2.2.13.RELEASE.jar:/Users/harikirtan/.m2/repository/ch/qos/logback/logback-classic/1.2.3/logback-classic-1.2.3.jar:/Users/harikirtan/.m2/repository/ch/qos/logback/logback-core/1.2.3/logback-core-1.2.3.jar:/Users/harikirtan/.m2/repository/org/apache/logging/log4j/log4j-to-slf4j/2.12.1/log4j-to-slf4j-2.12.1.jar:/Users/harikirtan/.m2/repository/org/apache/logging/log4j/log4j-api/2.12.1/log4j-api-2.12.1.jar:/Users/harikirtan/.m2/repository/org/slf4j/jul-to-slf4j/1.7.30/jul-to-slf4j-1.7.30.jar:/Users/harikirtan/.m2/repository/jakarta/annotation/jakarta.annotation-api/1.3.5/jakarta.annotation-api-1.3.5.jar:/Users/harikirtan/.m2/repository/org/yaml/snakeyaml/1.25/snakeyaml-1.25.jar:/Users/harikirtan/.m2/repository/org/thymeleaf/thymeleaf-spring5/3.0.12.RELEASE/thymeleaf-spring5-3.0.12.RELEASE.jar:/Users/harikirtan/.m2/repository/org/thymeleaf/thymeleaf/3.0.12.RELEASE/thymeleaf-3.0.12.RELEASE.jar:/Users/harikirtan/.m2/repository/org/attoparser/attoparser/2.0.5.RELEASE/attoparser-2.0.5.RELEASE.jar:/Users/harikirtan/.m2/repository/org/unbescape/unbescape/1.1.6.RELEASE/unbescape-1.1.6.RELEASE.jar:/Users/harikirtan/.m2/repository/org/thymeleaf/extras/thymeleaf-extras-java8time/3.0.4.RELEASE/thymeleaf-extras-java8time-3.0.4.RELEASE.jar:/Users/harikirtan/.m2/repository/org/springframework/boot/spring-boot-starter-web/2.2.13.RELEASE/spring-boot-starter-web-2.2.13.RELEASE.jar:/Users/harikirtan/.m2/repository/org/springframework/boot/spring-boot-starter-json/2.2.13.RELEASE/spring-boot-starter-json-2.2.13.RELEASE.jar:/Users/harikirtan/.m2/repository/com/fasterxml/jackson/datatype/jackson-datatype-jdk8/2.14.1/jackson-datatype-jdk8-2.14.1.jar:/Users/harikirtan/.m2/repository/com/fasterxml/jackson/module/jackson-module-parameter-names/2.14.1/jackson-module-parameter-names-2.14.1.jar:/Users/harikirtan/.m2/repository/org/springframework/boot/spring-boot-starter-tomcat/2.2.13.RELEASE/spring-boot-starter-tomcat-2.2.13.RELEASE.jar:/Users/harikirtan/.m2/repository/org/apache/tomcat/embed/tomcat-embed-core/9.0.41/tomcat-embed-core-9.0.41.jar:/Users/harikirtan/.m2/repository/org/apache/tomcat/embed/tomcat-embed-websocket/9.0.41/tomcat-embed-websocket-9.0.41.jar:/Users/harikirtan/.m2/repository/org/springframework/spring-web/5.2.12.RELEASE/spring-web-5.2.12.RELEASE.jar:/Users/harikirtan/.m2/repository/org/springframework/spring-webmvc/5.2.12.RELEASE/spring-webmvc-5.2.12.RELEASE.jar:/Users/harikirtan/.m2/repository/org/springframework/spring-expression/5.2.12.RELEASE/spring-expression-5.2.12.RELEASE.jar:/Users/harikirtan/.m2/repository/org/springframework/boot/spring-boot-starter-security/2.2.13.RELEASE/spring-boot-starter-security-2.2.13.RELEASE.jar:/Users/harikirtan/.m2/repository/org/springframework/spring-aop/5.2.12.RELEASE/spring-aop-5.2.12.RELEASE.jar:/Users/harikirtan/.m2/repository/org/springframework/security/spring-security-config/5.2.8.RELEASE/spring-security-config-5.2.8.RELEASE.jar:/Users/harikirtan/.m2/repository/org/springframework/security/spring-security-core/5.2.8.RELEASE/spring-security-core-5.2.8.RELEASE.jar:/Users/harikirtan/.m2/repository/org/springframework/security/spring-security-web/5.2.8.RELEASE/spring-security-web-5.2.8.RELEASE.jar:/Users/harikirtan/.m2/repository/org/springframework/boot/spring-boot-starter-validation/2.2.13.RELEASE/spring-boot-starter-validation-2.2.13.RELEASE.jar:/Users/harikirtan/.m2/repository/jakarta/validation/jakarta.validation-api/2.0.2/jakarta.validation-api-2.0.2.jar:/Users/harikirtan/.m2/repository/org/apache/tomcat/embed/tomcat-embed-el/9.0.41/tomcat-embed-el-9.0.41.jar:/Users/harikirtan/.m2/repository/org/hibernate/validator/hibernate-validator/6.0.22.Final/hibernate-validator-6.0.22.Final.jar:/Users/harikirtan/.m2/repository/org/thymeleaf/extras/thymeleaf-extras-springsecurity5/3.0.4.RELEASE/thymeleaf-extras-springsecurity5-3.0.4.RELEASE.jar:/Users/harikirtan/.m2/repository/org/slf4j/slf4j-api/1.7.30/slf4j-api-1.7.30.jar:/Users/harikirtan/.m2/repository/com/mchange/c3p0/0.9.5.5/c3p0-0.9.5.5.jar:/Users/harikirtan/.m2/repository/com/mchange/mchange-commons-java/0.2.19/mchange-commons-java-0.2.19.jar:/Users/harikirtan/.m2/repository/org/springframework/boot/spring-boot-devtools/2.2.13.RELEASE/spring-boot-devtools-2.2.13.RELEASE.jar:/Users/harikirtan/.m2/repository/org/springframework/boot/spring-boot/2.2.13.RELEASE/spring-boot-2.2.13.RELEASE.jar:/Users/harikirtan/.m2/repository/org/springframework/boot/spring-boot-autoconfigure/2.2.13.RELEASE/spring-boot-autoconfigure-2.2.13.RELEASE.jar:/Users/harikirtan/.m2/repository/org/postgresql/postgresql/42.2.18/postgresql-42.2.18.jar:/Users/harikirtan/.m2/repository/org/checkerframework/checker-qual/3.5.0/checker-qual-3.5.0.jar:/Users/harikirtan/.m2/repository/com/twilio/sdk/twilio/9.6.0/twilio-9.6.0.jar:/Users/harikirtan/.m2/repository/commons-codec/commons-codec/1.13/commons-codec-1.13.jar:/Users/harikirtan/.m2/repository/commons-io/commons-io/2.7/commons-io-2.7.jar:/Users/harikirtan/.m2/repository/io/jsonwebtoken/jjwt-api/0.11.2/jjwt-api-0.11.2.jar:/Users/harikirtan/.m2/repository/io/jsonwebtoken/jjwt-jackson/0.11.2/jjwt-jackson-0.11.2.jar:/Users/harikirtan/.m2/repository/io/jsonwebtoken/jjwt-impl/0.11.2/jjwt-impl-0.11.2.jar:/Users/harikirtan/.m2/repository/org/apache/httpcomponents/httpclient/4.5.13/httpclient-4.5.13.jar:/Users/harikirtan/.m2/repository/org/apache/httpcomponents/httpcore/4.4.14/httpcore-4.4.14.jar:/Users/harikirtan/.m2/repository/com/fasterxml/jackson/core/jackson-core/2.14.1/jackson-core-2.14.1.jar:/Users/harikirtan/.m2/repository/com/fasterxml/jackson/core/jackson-annotations/2.14.1/jackson-annotations-2.14.1.jar:/Users/harikirtan/.m2/repository/com/fasterxml/jackson/datatype/jackson-datatype-jsr310/2.14.1/jackson-datatype-jsr310-2.14.1.jar:/Users/harikirtan/.m2/repository/com/fasterxml/jackson/dataformat/jackson-dataformat-xml/2.14.1/jackson-dataformat-xml-2.14.1.jar:/Users/harikirtan/.m2/repository/org/codehaus/woodstox/stax2-api/4.2.1/stax2-api-4.2.1.jar:/Users/harikirtan/.m2/repository/com/fasterxml/woodstox/woodstox-core/6.4.0/woodstox-core-6.4.0.jar:/Users/harikirtan/.m2/repository/org/json/json/20220320/json-20220320.jar:/Users/harikirtan/.m2/repository/com/google/guava/guava/23.4-jre/guava-23.4-jre.jar:/Users/harikirtan/.m2/repository/com/google/code/findbugs/jsr305/1.3.9/jsr305-1.3.9.jar:/Users/harikirtan/.m2/repository/com/google/errorprone/error_prone_annotations/2.0.18/error_prone_annotations-2.0.18.jar:/Users/harikirtan/.m2/repository/com/google/j2objc/j2objc-annotations/1.1/j2objc-annotations-1.1.jar:/Users/harikirtan/.m2/repository/org/codehaus/mojo/animal-sniffer-annotations/1.14/animal-sniffer-annotations-1.14.jar:/Users/harikirtan/.m2/repository/com/fasterxml/jackson/core/jackson-databind/2.15.2/jackson-databind-2.15.2.jar:/Users/harikirtan/.m2/repository/org/springframework/boot/spring-boot-starter-test/2.2.13.RELEASE/spring-boot-starter-test-2.2.13.RELEASE.jar:/Users/harikirtan/.m2/repository/org/springframework/boot/spring-boot-test/2.2.13.RELEASE/spring-boot-test-2.2.13.RELEASE.jar:/Users/harikirtan/.m2/repository/org/springframework/boot/spring-boot-test-autoconfigure/2.2.13.RELEASE/spring-boot-test-autoconfigure-2.2.13.RELEASE.jar:/Users/harikirtan/.m2/repository/com/jayway/jsonpath/json-path/2.4.0/json-path-2.4.0.jar:/Users/harikirtan/.m2/repository/net/minidev/json-smart/2.3/json-smart-2.3.jar:/Users/harikirtan/.m2/repository/net/minidev/accessors-smart/1.2/accessors-smart-1.2.jar:/Users/harikirtan/.m2/repository/org/ow2/asm/asm/5.0.4/asm-5.0.4.jar:/Users/harikirtan/.m2/repository/jakarta/xml/bind/jakarta.xml.bind-api/2.3.3/jakarta.xml.bind-api-2.3.3.jar:/Users/harikirtan/.m2/repository/jakarta/activation/jakarta.activation-api/1.2.2/jakarta.activation-api-1.2.2.jar:/Users/harikirtan/.m2/repository/org/junit/jupiter/junit-jupiter/5.5.2/junit-jupiter-5.5.2.jar:/Users/harikirtan/.m2/repository/org/junit/jupiter/junit-jupiter-api/5.5.2/junit-jupiter-api-5.5.2.jar:/Users/harikirtan/.m2/repository/org/apiguardian/apiguardian-api/1.1.0/apiguardian-api-1.1.0.jar:/Users/harikirtan/.m2/repository/org/opentest4j/opentest4j/1.2.0/opentest4j-1.2.0.jar:/Users/harikirtan/.m2/repository/org/junit/platform/junit-platform-commons/1.5.2/junit-platform-commons-1.5.2.jar:/Users/harikirtan/.m2/repository/org/junit/jupiter/junit-jupiter-params/5.5.2/junit-jupiter-params-5.5.2.jar:/Users/harikirtan/.m2/repository/org/junit/jupiter/junit-jupiter-engine/5.5.2/junit-jupiter-engine-5.5.2.jar:/Users/harikirtan/.m2/repository/org/junit/platform/junit-platform-engine/1.5.2/junit-platform-engine-1.5.2.jar:/Users/harikirtan/.m2/repository/org/mockito/mockito-junit-jupiter/3.1.0/mockito-junit-jupiter-3.1.0.jar:/Users/harikirtan/.m2/repository/org/assertj/assertj-core/3.13.2/assertj-core-3.13.2.jar:/Users/harikirtan/.m2/repository/org/hamcrest/hamcrest/2.1/hamcrest-2.1.jar:/Users/harikirtan/.m2/repository/org/mockito/mockito-core/3.1.0/mockito-core-3.1.0.jar:/Users/harikirtan/.m2/repository/net/bytebuddy/byte-buddy-agent/1.10.19/byte-buddy-agent-1.10.19.jar:/Users/harikirtan/.m2/repository/org/objenesis/objenesis/2.6/objenesis-2.6.jar:/Users/harikirtan/.m2/repository/org/skyscreamer/jsonassert/1.5.0/jsonassert-1.5.0.jar:/Users/harikirtan/.m2/repository/com/vaadin/external/google/android-json/0.0.20131108.vaadin1/android-json-0.0.20131108.vaadin1.jar:/Users/harikirtan/.m2/repository/org/springframework/spring-core/5.2.12.RELEASE/spring-core-5.2.12.RELEASE.jar:/Users/harikirtan/.m2/repository/org/springframework/spring-jcl/5.2.12.RELEASE/spring-jcl-5.2.12.RELEASE.jar:/Users/harikirtan/.m2/repository/org/springframework/spring-test/5.2.12.RELEASE/spring-test-5.2.12.RELEASE.jar:/Users/harikirtan/.m2/repository/org/xmlunit/xmlunit-core/2.6.4/xmlunit-core-2.6.4.jar:"/>
    <property name="sun.cpu.endian" value="little"/>
    <property name="user.home" value="/Users/harikirtan"/>
    <property name="user.language" value="en"/>
    <property name="java.specification.vendor" value="Oracle Corporation"/>
    <property name="java.version.date" value="2023-01-17"/>
    <property name="java.home" value="/Applications/SpringToolSuite4.app/Contents/Eclipse/plugins/org.eclipse.justj.openjdk.hotspot.jre.full.macosx.aarch64_17.0.6.v20230204-1729/jre"/>
    <property name="file.separator" value="/"/>
    <property name="style.color" value="always"/>
    <property name="basedir" value="/Users/harikirtan/Documents/GitHub/iyf"/>
    <property name="java.vm.compressedOopsMode" value="Zero based"/>
    <property name="line.separator" value="&#10;"/>
    <property name="java.vm.specification.vendor" value="Oracle Corporation"/>
    <property name="java.specification.name" value="Java Platform API Specification"/>
    <property name="surefire.real.class.path" value="/Users/harikirtan/Documents/GitHub/iyf/target/surefire/surefirebooter8779732193743829886.jar"/>
    <property name="sun.management.compiler" value="HotSpot 64-Bit Tiered Compilers"/>
    <property name="ftp.nonProxyHosts" value="local|*.local|169.254/16|*.169.254/16"/>
    <property name="java.runtime.version" value="17.0.6+10"/>
    <property name="user.name" value="harikirtan"/>
    <property name="path.separator" value=":"/>
    <property name="os.version" value="13.4.1"/>
    <property name="java.runtime.name" value="OpenJDK Runtime Environment"/>
    <property name="file.encoding" value="UTF-8"/>
    <property name="java.vm.name" value="OpenJDK 64-Bit Server VM"/>
    <property name="java.vendor.version" value="Temurin-17.0.6+10"/>
    <property name="localRepository" value="/Users/harikirtan/.m2/repository"/>
    <property name="java.vendor.url.bug" value="https://github.com/adoptium/adoptium-support/issues"/>
    <property name="java.io.tmpdir" value="/var/folders/mv/8cx5hgsn2ps2zyv1j6jy7kmh0000gn/T/"/>
    <property name="java.version" value="17.0.6"/>
    <property name="user.dir" value="/Users/harikirtan/Documents/GitHub/iyf"/>
    <property name="os.arch" value="aarch64"/>
    <property name="java.vm.specification.name" value="Java Virtual Machine Specification"/>
    <property name="native.encoding" value="UTF-8"/>
    <property name="java.library.path" value="/Users/harikirtan/Library/Java/Extensions:/Library/Java/Extensions:/Network/Library/Java/Extensions:/System/Library/Java/Extensions:/usr/lib/java:."/>
    <property name="java.vm.info" value="mixed mode"/>
    <property name="java.vendor" value="Eclipse Adoptium"/>
    <property name="java.vm.version" value="17.0.6+10"/>
    <property name="sun.io.unicode.encoding" value="UnicodeBig"/>
    <property name="socksNonProxyHosts" value="local|*.local|169.254/16|*.169.254/16"/>
    <property name="java.class.version" value="61.0"/>
  </properties>
  <testcase name="contextLoads" classname="net.javaguides.springboot.SpringbootThymeleafCrudWebAppApplicationTests" time="0.042"/>
</testsuite>