<?xml version="1.0" encoding="UTF-8"?>
<testsuite xmlns:xsi="http://www.w3.org/2001/XMLSchema-instance" xsi:noNamespaceSchemaLocation="https://maven.apache.org/surefire/maven-surefire-plugin/xsd/surefire-test-report.xsd" name="net.javaguides.springboot.SpringbootThymeleafCrudWebAppApplicationTests" time="3.155" tests="1" errors="0" skipped="0" failures="0">
  <properties>
    <property name="java.specification.version" value="17"/>
    <property name="sun.jnu.encoding" value="UTF-8"/>
    <property name="java.class.path" value="/Users/harikirtan/Documents/GitHub/iyf/target/test-classes:/Users/harikirtan/Documents/GitHub/iyf/target/classes:/Users/harikirtan/.m2/repository/org/springframework/boot/spring-boot-starter-data-jpa/2.2.13.RELEASE/spring-boot-starter-data-jpa-2.2.13.RELEASE.jar:/Users/harikirtan/.m2/repository/org/springframework/boot/spring-boot-starter-aop/2.2.13.RELEASE/spring-boot-starter-aop-2.2.13.RELEASE.jar:/Users/harikirtan/.m2/repository/org/aspectj/aspectjweaver/1.9.6/aspectjweaver-1.9.6.jar:/Users/harikirtan/.m2/repository/org/springframework/boot/spring-boot-starter-jdbc/2.2.13.RELEASE/spring-boot-starter-jdbc-2.2.13.RELEASE.jar:/Users/harikirtan/.m2/repository/com/zaxxer/HikariCP/3.4.5/HikariCP-3.4.5.jar:/Users/harikirtan/.m2/repository/org/springframework/spring-jdbc/5.2.12.RELEASE/spring-jdbc-5.2.12.RELEASE.jar:/Users/harikirtan/.m2/repository/jakarta/persistence/jakarta.persistence-api/2.2.3/jakarta.persistence-api-2.2.3.jar:/Users/harikirtan/.m2/repository/jakarta/transaction/jakarta.transaction-api/1.3.3/jakarta.transaction-api-1.3.3.jar:/Users/harikirtan/.m2/repository/org/hibernate/hibernate-core/5.4.27.Final/hibernate-core-5.4.27.Final.jar:/Users/harikirtan/.m2/repository/org/jboss/logging/jboss-logging/3.4.1.Final/jboss-logging-3.4.1.Final.jar:/Users/harikirtan/.m2/repository/org/javassist/javassist/3.27.0-GA/javassist-3.27.0-GA.jar:/Users/harikirtan/.m2/repository/net/bytebuddy/byte-buddy/1.10.19/byte-buddy-1.10.19.jar:/Users/harikirtan/.m2/repository/antlr/antlr/2.7.7/antlr-2.7.7.jar:/Users/harikirtan/.m2/repository/org/jboss/jandex/2.1.3.Final/jandex-2.1.3.Final.jar:/Users/harikirtan/.m2/repository/com/fasterxml/classmate/1.5.1/classmate-1.5.1.jar:/Users/harikirtan/.m2/repository/org/dom4j/dom4j/2.1.3/dom4j-2.1.3.jar:/Users/harikirtan/.m2/repository/org/hibernate/common/hibernate-commons-annotations/5.1.2.Final/hibernate-commons-annotations-5.1.2.Final.jar:/Users/harikirtan/.m2/repository/org/glassfish/jaxb/jaxb-runtime/2.3.3/jaxb-runtime-2.3.3.jar:/Users/harikirtan/.m2/repository/org/glassfish/jaxb/txw2/2.3.3/txw2-2.3.3.jar:/Users/harikirtan/.m2/repository/com/sun/istack/istack-commons-runtime/3.0.11/istack-commons-runtime-3.0.11.jar:/Users/harikirtan/.m2/repository/com/sun/activation/jakarta.activation/1.2.2/jakarta.activation-1.2.2.jar:/Users/harikirtan/.m2/repository/org/springframework/data/spring-data-jpa/2.2.12.RELEASE/spring-data-jpa-2.2.12.RELEASE.jar:/Users/harikirtan/.m2/repository/org/springframework/data/spring-data-commons/2.2.12.RELEASE/spring-data-commons-2.2.12.RELEASE.jar:/Users/harikirtan/.m2/repository/org/springframework/spring-orm/5.2.12.RELEASE/spring-orm-5.2.12.RELEASE.jar:/Users/harikirtan/.m2/repository/org/springframework/spring-context/5.2.12.RELEASE/spring-context-5.2.12.RELEASE.jar:/Users/harikirtan/.m2/repository/org/springframework/spring-tx/5.2.12.RELEASE/spring-tx-5.2.12.RELEASE.jar:/Users/harikirtan/.m2/repository/org/springframework/spring-beans/5.2.12.RELEASE/spring-beans-5.2.12.RELEASE.jar:/Users/harikirtan/.m2/repository/org/springframework/spring-aspects/5.2.12.RELEASE/spring-aspects-5.2.12.RELEASE.jar:/Users/harikirtan/.m2/repository/org/springframework/boot/spring-boot-starter-thymeleaf/2.2.13.RELEASE/spring-boot-starter-thymeleaf-2.2.13.RELEASE.jar:/Users/harikirtan/.m2/repository/org/springframework/boot/spring-boot-starter/2.2.13.RELEASE/spring-boot-starter-2.2.13.RELEASE.jar:/Users/harikirtan/.m2/repository/jakarta/annotation/jakarta.annotation-api/1.3.5/jakarta.annotation-api-1.3.5.jar:/Users/harikirtan/.m2/repository/org/yaml/snakeyaml/1.25/snakeyaml-1.25.jar:/Users/harikirtan/.m2/repository/org/thymeleaf/thymeleaf-spring5/3.0.12.RELEASE/thymeleaf-spring5-3.0.12.RELEASE.jar:/Users/harikirtan/.m2/repository/org/thymeleaf/thymeleaf/3.0.12.RELEASE/thymeleaf-3.0.12.RELEASE.jar:/Users/harikirtan/.m2/repository/org/attoparser/attoparser/2.0.5.RELEASE/attoparser-2.0.5.RELEASE.jar:/Users/harikirtan/.m2/repository/org/unbescape/unbescape/1.1.6.RELEASE/unbescape-1.1.6.RELEASE.jar:/Users/harikirtan/.m2/repository/org/thymeleaf/extras/thymeleaf-extras-java8time/3.0.4.RELEASE/thymeleaf-extras-java8time-3.0.4.RELEASE.jar:/Users/harikirtan/.m2/repository/org/springframework/boot/spring-boot-starter-web/2.2.13.RELEASE/spring-boot-starter-web-2.2.13.RELEASE.jar:/Users/harikirtan/.m2/repository/org/springframework/boot/spring-boot-starter-json/2.2.13.RELEASE/spring-boot-starter-json-2.2.13.RELEASE.jar:/Users/harikirtan/.m2/repository/com/fasterxml/jackson/datatype/jackson-datatype-jdk8/2.14.1/jackson-datatype-jdk8-2.14.1.jar:/Users/harikirtan/.m2/repository/com/fasterxml/jackson/module/jackson-module-parameter-names/2.14.1/jackson-module-parameter-names-2.14.1.jar:/Users/harikirtan/.m2/repository/org/springframework/boot/spring-boot-starter-tomcat/2.2.13.RELEASE/spring-boot-starter-tomcat-2.2.13.RELEASE.jar:/Users/harikirtan/.m2/repository/org/apache/tomcat/embed/tomcat-embed-core/9.0.41/tomcat-embed-core-9.0.41.jar:/Users/harikirtan/.m2/repository/org/apache/tomcat/embed/tomcat-embed-websocket/9.0.41/tomcat-embed-websocket-9.0.41.jar:/Users/harikirtan/.m2/repository/org/springframework/spring-web/5.2.12.RELEASE/spring-web-5.2.12.RELEASE.jar:/Users/harikirtan/.m2/repository/org/springframework/spring-webmvc/5.2.12.RELEASE/spring-webmvc-5.2.12.RELEASE.jar:/Users/harikirtan/.m2/repository/org/springframework/spring-expression/5.2.12.RELEASE/spring-expression-5.2.12.RELEASE.jar:/Users/harikirtan/.m2/repository/org/springframework/boot/spring-boot-starter-security/2.2.13.RELEASE/spring-boot-starter-security-2.2.13.RELEASE.jar:/Users/harikirtan/.m2/repository/org/springframework/spring-aop/5.2.12.RELEASE/spring-aop-5.2.12.RELEASE.jar:/Users/harikirtan/.m2/repository/org/springframework/security/spring-security-config/5.2.8.RELEASE/spring-security-config-5.2.8.RELEASE.jar:/Users/harikirtan/.m2/repository/org/springframework/security/spring-security-core/5.2.8.RELEASE/spring-security-core-5.2.8.RELEASE.jar:/Users/harikirtan/.m2/repository/org/springframework/security/spring-security-web/5.2.8.RELEASE/spring-security-web-5.2.8.RELEASE.jar:/Users/harikirtan/.m2/repository/org/springframework/boot/spring-boot-starter-validation/2.2.13.RELEASE/spring-boot-starter-validation-2.2.13.RELEASE.jar:/Users/harikirtan/.m2/repository/jakarta/validation/jakarta.validation-api/2.0.2/jakarta.validation-api-2.0.2.jar:/Users/harikirtan/.m2/repository/org/apache/tomcat/embed/tomcat-embed-el/9.0.41/tomcat-embed-el-9.0.41.jar:/Users/harikirtan/.m2/repository/org/hibernate/validator/hibernate-validator/6.0.22.Final/hibernate-validator-6.0.22.Final.jar:/Users/harikirtan/.m2/repository/org/thymeleaf/extras/thymeleaf-extras-springsecurity5/3.0.4.RELEASE/thymeleaf-extras-springsecurity5-3.0.4.RELEASE.jar:/Users/harikirtan/.m2/repository/org/slf4j/slf4j-api/1.7.30/slf4j-api-1.7.30.jar:/Users/harikirtan/.m2/repository/com/mchange/c3p0/0.9.5.5/c3p0-0.9.5.5.jar:/Users/harikirtan/.m2/repository/com/mchange/mchange-commons-java/0.2.19/mchange-commons-java-0.2.19.jar:/Users/harikirtan/.m2/repository/org/springframework/boot/spring-boot-devtools/2.2.13.RELEASE/spring-boot-devtools-2.2.13.RELEASE.jar:/Users/harikirtan/.m2/repository/org/springframework/boot/spring-boot/2.2.13.RELEASE/spring-boot-2.2.13.RELEASE.jar:/Users/harikirtan/.m2/repository/org/springframework/boot/spring-boot-autoconfigure/2.2.13.RELEASE/spring-boot-autoconfigure-2.2.13.RELEASE.jar:/Users/harikirtan/.m2/repository/org/postgresql/postgresql/42.2.18/postgresql-42.2.18.jar:/Users/harikirtan/.m2/repository/org/checkerframework/checker-qual/3.5.0/checker-qual-3.5.0.jar:/Users/harikirtan/.m2/repository/org/projectlombok/lombok/1.18.16/lombok-1.18.16.jar:/Users/harikirtan/.m2/repository/com/twilio/sdk/twilio/9.6.0/twilio-9.6.0.jar:/Users/harikirtan/.m2/repository/commons-codec/commons-codec/1.13/commons-codec-1.13.jar:/Users/harikirtan/.m2/repository/commons-io/commons-io/2.7/commons-io-2.7.jar:/Users/harikirtan/.m2/repository/org/apache/httpcomponents/httpclient/4.5.13/httpclient-4.5.13.jar:/Users/harikirtan/.m2/repository/org/apache/httpcomponents/httpcore/4.4.14/httpcore-4.4.14.jar:/Users/harikirtan/.m2/repository/com/fasterxml/jackson/core/jackson-core/2.14.1/jackson-core-2.14.1.jar:/Users/harikirtan/.m2/repository/com/fasterxml/jackson/core/jackson-annotations/2.14.1/jackson-annotations-2.14.1.jar:/Users/harikirtan/.m2/repository/com/fasterxml/jackson/datatype/jackson-datatype-jsr310/2.14.1/jackson-datatype-jsr310-2.14.1.jar:/Users/harikirtan/.m2/repository/com/fasterxml/jackson/dataformat/jackson-dataformat-xml/2.14.1/jackson-dataformat-xml-2.14.1.jar:/Users/harikirtan/.m2/repository/org/codehaus/woodstox/stax2-api/4.2.1/stax2-api-4.2.1.jar:/Users/harikirtan/.m2/repository/com/fasterxml/woodstox/woodstox-core/6.4.0/woodstox-core-6.4.0.jar:/Users/harikirtan/.m2/repository/org/json/json/20220320/json-20220320.jar:/Users/harikirtan/.m2/repository/com/google/guava/guava/23.4-jre/guava-23.4-jre.jar:/Users/harikirtan/.m2/repository/com/google/code/findbugs/jsr305/1.3.9/jsr305-1.3.9.jar:/Users/harikirtan/.m2/repository/com/google/errorprone/error_prone_annotations/2.0.18/error_prone_annotations-2.0.18.jar:/Users/harikirtan/.m2/repository/com/google/j2objc/j2objc-annotations/1.1/j2objc-annotations-1.1.jar:/Users/harikirtan/.m2/repository/org/codehaus/mojo/animal-sniffer-annotations/1.14/animal-sniffer-annotations-1.14.jar:/Users/harikirtan/.m2/repository/com/fasterxml/jackson/core/jackson-databind/2.15.2/jackson-databind-2.15.2.jar:/Users/harikirtan/.m2/repository/io/jsonwebtoken/jjwt-api/0.11.5/jjwt-api-0.11.5.jar:/Users/harikirtan/.m2/repository/io/jsonwebtoken/jjwt-impl/0.11.5/jjwt-impl-0.11.5.jar:/Users/harikirtan/.m2/repository/io/jsonwebtoken/jjwt-jackson/0.11.5/jjwt-jackson-0.11.5.jar:/Users/harikirtan/.m2/repository/com/innoventsolutions/birt/runtime/org.eclipse.birt.runtime_4.8.0-20180626/4.8.0/org.eclipse.birt.runtime_4.8.0-20180626-4.8.0.jar:/Users/harikirtan/.m2/repository/com/innoventsolutions/birt/runtime/org.eclipse.equinox.event_1.4.200.v20180426-0845/4.8.0/org.eclipse.equinox.event_1.4.200.v20180426-0845-4.8.0.jar:/Users/harikirtan/.m2/repository/com/innoventsolutions/birt/runtime/org.eclipse.core.expressions_3.6.100.v20180426-1644/4.8.0/org.eclipse.core.expressions_3.6.100.v20180426-1644-4.8.0.jar:/Users/harikirtan/.m2/repository/com/innoventsolutions/birt/runtime/org.eclipse.emf.common_2.14.0.v20180527-1134/4.8.0/org.eclipse.emf.common_2.14.0.v20180527-1134-4.8.0.jar:/Users/harikirtan/.m2/repository/com/innoventsolutions/birt/runtime/org.eclipse.osgi_3.13.0.v20180409-1500/4.8.0/org.eclipse.osgi_3.13.0.v20180409-1500-4.8.0.jar:/Users/harikirtan/.m2/repository/com/innoventsolutions/birt/runtime/org.apache.batik.dom.svg_1.7.0.v201011041433/4.8.0/org.apache.batik.dom.svg_1.7.0.v201011041433-4.8.0.jar:/Users/harikirtan/.m2/repository/com/innoventsolutions/birt/runtime/org.w3c.dom.svg.extension_1.1.0.v201806261756/4.8.0/org.w3c.dom.svg.extension_1.1.0.v201806261756-4.8.0.jar:/Users/harikirtan/.m2/repository/com/innoventsolutions/birt/runtime/org.eclipse.equinox.simpleconfigurator_1.3.0.v20180502-1828/4.8.0/org.eclipse.equinox.simpleconfigurator_1.3.0.v20180502-1828-4.8.0.jar:/Users/harikirtan/.m2/repository/com/innoventsolutions/birt/runtime/org.eclipse.equinox.frameworkadmin.equinox_1.1.0.v20180512-1128/4.8.0/org.eclipse.equinox.frameworkadmin.equinox_1.1.0.v20180512-1128-4.8.0.jar:/Users/harikirtan/.m2/repository/com/innoventsolutions/birt/runtime/org.apache.lucene.core_6.1.0.v20170814-1820/4.8.0/org.apache.lucene.core_6.1.0.v20170814-1820-4.8.0.jar:/Users/harikirtan/.m2/repository/com/innoventsolutions/birt/runtime/org.eclipse.emf.ecore_2.14.0.v20180529-1144/4.8.0/org.eclipse.emf.ecore_2.14.0.v20180529-1144-4.8.0.jar:/Users/harikirtan/.m2/repository/com/innoventsolutions/birt/runtime/org.apache.batik.transcoder_1.7.0.v201011041433/4.8.0/org.apache.batik.transcoder_1.7.0.v201011041433-4.8.0.jar:/Users/harikirtan/.m2/repository/com/innoventsolutions/birt/runtime/org.apache.commons.codec_1.9.0.v20170208-1614/4.8.0/org.apache.commons.codec_1.9.0.v20170208-1614-4.8.0.jar:/Users/harikirtan/.m2/repository/com/innoventsolutions/birt/runtime/org.sat4j.core_2.3.5.v201308161310/4.8.0/org.sat4j.core_2.3.5.v201308161310-4.8.0.jar:/Users/harikirtan/.m2/repository/com/innoventsolutions/birt/runtime/org.apache.batik.ext.awt_1.7.0.v201011041433/4.8.0/org.apache.batik.ext.awt_1.7.0.v201011041433-4.8.0.jar:/Users/harikirtan/.m2/repository/com/innoventsolutions/birt/runtime/org.eclipse.equinox.frameworkadmin_2.1.0.v20180131-0638/4.8.0/org.eclipse.equinox.frameworkadmin_2.1.0.v20180131-0638-4.8.0.jar:/Users/harikirtan/.m2/repository/com/innoventsolutions/birt/runtime/org.w3c.dom.smil_1.0.1.v200903091627/4.8.0/org.w3c.dom.smil_1.0.1.v200903091627-4.8.0.jar:/Users/harikirtan/.m2/repository/com/innoventsolutions/birt/runtime/org.tukaani.xz_1.8.0.v20180207-1613/4.8.0/org.tukaani.xz_1.8.0.v20180207-1613-4.8.0.jar:/Users/harikirtan/.m2/repository/com/innoventsolutions/birt/runtime/org.eclipse.datatools.connectivity.apache.derby_1.2.1.201712071719/4.8.0/org.eclipse.datatools.connectivity.apache.derby_1.2.1.201712071719-4.8.0.jar:/Users/harikirtan/.m2/repository/com/innoventsolutions/birt/runtime/org.eclipse.equinox.preferences_3.7.100.v20180510-1129/4.8.0/org.eclipse.equinox.preferences_3.7.100.v20180510-1129-4.8.0.jar:/Users/harikirtan/.m2/repository/com/innoventsolutions/birt/runtime/org.eclipse.equinox.app_1.3.500.v20171221-2204/4.8.0/org.eclipse.equinox.app_1.3.500.v20171221-2204-4.8.0.jar:/Users/harikirtan/.m2/repository/com/innoventsolutions/birt/runtime/org.apache.batik.dom_1.7.1.v201505191845/4.8.0/org.apache.batik.dom_1.7.1.v201505191845-4.8.0.jar:/Users/harikirtan/.m2/repository/com/innoventsolutions/birt/runtime/com.ibm.icu_58.2.0.v20170418-1837/4.8.0/com.ibm.icu_58.2.0.v20170418-1837-4.8.0.jar:/Users/harikirtan/.m2/repository/com/innoventsolutions/birt/runtime/flute/4.8.0/flute-4.8.0.jar:/Users/harikirtan/.m2/repository/com/innoventsolutions/birt/runtime/org.eclipse.emf.ecore.xmi_2.14.0.v20180129-1548/4.8.0/org.eclipse.emf.ecore.xmi_2.14.0.v20180129-1548-4.8.0.jar:/Users/harikirtan/.m2/repository/com/innoventsolutions/birt/runtime/org.eclipse.datatools.connectivity.oda_3.6.1.201712071719/4.8.0/org.eclipse.datatools.connectivity.oda_3.6.1.201712071719-4.8.0.jar:/Users/harikirtan/.m2/repository/com/innoventsolutions/birt/runtime/org.w3c.css.sac_1.3.1.v200903091627/4.8.0/org.w3c.css.sac_1.3.1.v200903091627-4.8.0.jar:/Users/harikirtan/.m2/repository/com/innoventsolutions/birt/runtime/org.apache.batik.svggen_1.7.0.v201011041433/4.8.0/org.apache.batik.svggen_1.7.0.v201011041433-4.8.0.jar:/Users/harikirtan/.m2/repository/com/innoventsolutions/birt/runtime/org.apache.derby_10.11.1.1_v201605202053/4.8.0/org.apache.derby_10.11.1.1_v201605202053-4.8.0.jar:/Users/harikirtan/.m2/repository/com/innoventsolutions/birt/runtime/org.eclipse.osgi.services_3.7.0.v20180223-1712/4.8.0/org.eclipse.osgi.services_3.7.0.v20180223-1712-4.8.0.jar:/Users/harikirtan/.m2/repository/com/innoventsolutions/birt/runtime/org.eclipse.datatools.connectivity.oda.consumer_3.4.1.201712071719/4.8.0/org.eclipse.datatools.connectivity.oda.consumer_3.4.1.201712071719-4.8.0.jar:/Users/harikirtan/.m2/repository/com/innoventsolutions/birt/runtime/org.eclipse.core.resources_3.13.0.v20180512-1138/4.8.0/org.eclipse.core.resources_3.13.0.v20180512-1138-4.8.0.jar:/Users/harikirtan/.m2/repository/com/innoventsolutions/birt/runtime/org.eclipse.equinox.simpleconfigurator.manipulator_2.1.0.v20180103-0918/4.8.0/org.eclipse.equinox.simpleconfigurator.manipulator_2.1.0.v20180103-0918-4.8.0.jar:/Users/harikirtan/.m2/repository/com/innoventsolutions/birt/runtime/org.eclipse.datatools.connectivity.console.profile_1.2.1.201712071719/4.8.0/org.eclipse.datatools.connectivity.console.profile_1.2.1.201712071719-4.8.0.jar:/Users/harikirtan/.m2/repository/com/innoventsolutions/birt/runtime/org.apache.batik.css_1.7.0.v201011041433/4.8.0/org.apache.batik.css_1.7.0.v201011041433-4.8.0.jar:/Users/harikirtan/.m2/repository/com/innoventsolutions/birt/runtime/org.eclipse.equinox.registry_3.8.0.v20180426-1327/4.8.0/org.eclipse.equinox.registry_3.8.0.v20180426-1327-4.8.0.jar:/Users/harikirtan/.m2/repository/com/innoventsolutions/birt/runtime/javax.xml.stream_1.0.1.v201004272200/4.8.0/javax.xml.stream_1.0.1.v201004272200-4.8.0.jar:/Users/harikirtan/.m2/repository/com/innoventsolutions/birt/runtime/org.eclipse.orbit.mongodb_3.2.2.v20170222-2110/4.8.0/org.eclipse.orbit.mongodb_3.2.2.v20170222-2110-4.8.0.jar:/Users/harikirtan/.m2/repository/com/innoventsolutions/birt/runtime/org.eclipse.core.runtime_3.14.0.v20180417-0825/4.8.0/org.eclipse.core.runtime_3.14.0.v20180417-0825-4.8.0.jar:/Users/harikirtan/.m2/repository/com/innoventsolutions/birt/runtime/org.mozilla.javascript_1.7.5.v201504281450/4.8.0/org.mozilla.javascript_1.7.5.v201504281450-4.8.0.jar:/Users/harikirtan/.m2/repository/com/innoventsolutions/birt/runtime/org.eclipse.update.configurator_3.4.0.v20180512-1141/4.8.0/org.eclipse.update.configurator_3.4.0.v20180512-1141-4.8.0.jar:/Users/harikirtan/.m2/repository/com/innoventsolutions/birt/runtime/org.apache.xerces_2.9.0.v201101211617/4.8.0/org.apache.xerces_2.9.0.v201101211617-4.8.0.jar:/Users/harikirtan/.m2/repository/com/innoventsolutions/birt/runtime/org.eclipse.datatools.connectivity.dbdefinition.genericJDBC_1.2.1.201712071719/4.8.0/org.eclipse.datatools.connectivity.dbdefinition.genericJDBC_1.2.1.201712071719-4.8.0.jar:/Users/harikirtan/.m2/repository/com/innoventsolutions/birt/runtime/org.w3c.dom.svg_1.1.0.v201011041433/4.8.0/org.w3c.dom.svg_1.1.0.v201011041433-4.8.0.jar:/Users/harikirtan/.m2/repository/com/innoventsolutions/birt/runtime/org.eclipse.datatools.connectivity.oda.design_3.5.1.201712071719/4.8.0/org.eclipse.datatools.connectivity.oda.design_3.5.1.201712071719-4.8.0.jar:/Users/harikirtan/.m2/repository/com/innoventsolutions/birt/runtime/javax.xml_1.3.4.v201005080400/4.8.0/javax.xml_1.3.4.v201005080400-4.8.0.jar:/Users/harikirtan/.m2/repository/com/innoventsolutions/birt/runtime/org.sat4j.pb_2.3.5.v201404071733/4.8.0/org.sat4j.pb_2.3.5.v201404071733-4.8.0.jar:/Users/harikirtan/.m2/repository/com/innoventsolutions/birt/runtime/org.eclipse.datatools.connectivity.sqm.core_1.4.1.201712071719/4.8.0/org.eclipse.datatools.connectivity.sqm.core_1.4.1.201712071719-4.8.0.jar:/Users/harikirtan/.m2/repository/com/innoventsolutions/birt/runtime/org.eclipse.datatools.connectivity.oda.profile_3.4.1.201712071719/4.8.0/org.eclipse.datatools.connectivity.oda.profile_3.4.1.201712071719-4.8.0.jar:/Users/harikirtan/.m2/repository/com/innoventsolutions/birt/runtime/org.eclipse.help_3.8.100.v20180512-1136/4.8.0/org.eclipse.help_3.8.100.v20180512-1136-4.8.0.jar:/Users/harikirtan/.m2/repository/com/innoventsolutions/birt/runtime/org.eclipse.emf.ecore.change_2.12.0.v20180125-1130/4.8.0/org.eclipse.emf.ecore.change_2.12.0.v20180125-1130-4.8.0.jar:/Users/harikirtan/.m2/repository/com/innoventsolutions/birt/runtime/org.apache.poi_3.9.0.v201405241750/4.8.0/org.apache.poi_3.9.0.v201405241750-4.8.0.jar:/Users/harikirtan/.m2/repository/com/innoventsolutions/birt/runtime/org.apache.commons.logging_1.1.1.v201101211721/4.8.0/org.apache.commons.logging_1.1.1.v201101211721-4.8.0.jar:/Users/harikirtan/.m2/repository/com/innoventsolutions/birt/runtime/org.apache.lucene.queryparser_6.1.0.v20161115-1612/4.8.0/org.apache.lucene.queryparser_6.1.0.v20161115-1612-4.8.0.jar:/Users/harikirtan/.m2/repository/com/innoventsolutions/birt/runtime/org.w3c.dom.events_3.0.0.draft20060413_v201105210656/4.8.0/org.w3c.dom.events_3.0.0.draft20060413_v201105210656-4.8.0.jar:/Users/harikirtan/.m2/repository/com/innoventsolutions/birt/runtime/org.apache.xml.resolver_1.2.0.v201005080400/4.8.0/org.apache.xml.resolver_1.2.0.v201005080400-4.8.0.jar:/Users/harikirtan/.m2/repository/com/innoventsolutions/birt/runtime/org.eclipse.core.jobs_3.10.0.v20180427-1454/4.8.0/org.eclipse.core.jobs_3.10.0.v20180427-1454-4.8.0.jar:/Users/harikirtan/.m2/repository/com/innoventsolutions/birt/runtime/org.eclipse.equinox.security_1.2.400.v20171221-2204/4.8.0/org.eclipse.equinox.security_1.2.400.v20171221-2204-4.8.0.jar:/Users/harikirtan/.m2/repository/com/innoventsolutions/birt/runtime/org.apache.batik.bridge_1.7.0.v201011041433/4.8.0/org.apache.batik.bridge_1.7.0.v201011041433-4.8.0.jar:/Users/harikirtan/.m2/repository/com/innoventsolutions/birt/runtime/org.apache.batik.parser_1.7.0.v201011041433/4.8.0/org.apache.batik.parser_1.7.0.v201011041433-4.8.0.jar:/Users/harikirtan/.m2/repository/com/innoventsolutions/birt/runtime/org.eclipse.core.contenttype_3.7.0.v20180426-1644/4.8.0/org.eclipse.core.contenttype_3.7.0.v20180426-1644-4.8.0.jar:/Users/harikirtan/.m2/repository/com/innoventsolutions/birt/runtime/org.eclipse.core.filesystem_1.7.100.v20180304-1102/4.8.0/org.eclipse.core.filesystem_1.7.100.v20180304-1102-4.8.0.jar:/Users/harikirtan/.m2/repository/com/innoventsolutions/birt/runtime/org.apache.batik.xml_1.7.0.v201011041433/4.8.0/org.apache.batik.xml_1.7.0.v201011041433-4.8.0.jar:/Users/harikirtan/.m2/repository/com/innoventsolutions/birt/runtime/org.eclipse.equinox.ds_1.5.100.v20171221-2204/4.8.0/org.eclipse.equinox.ds_1.5.100.v20171221-2204-4.8.0.jar:/Users/harikirtan/.m2/repository/com/innoventsolutions/birt/runtime/org.apache.batik.util_1.7.0.v201011041433/4.8.0/org.apache.batik.util_1.7.0.v201011041433-4.8.0.jar:/Users/harikirtan/.m2/repository/com/innoventsolutions/birt/runtime/org.eclipse.datatools.connectivity.oda.flatfile_3.3.1.201712071719/4.8.0/org.eclipse.datatools.connectivity.oda.flatfile_3.3.1.201712071719-4.8.0.jar:/Users/harikirtan/.m2/repository/com/innoventsolutions/birt/runtime/org.apache.batik.ext.awt.extension_1.7.0.v201806261756/4.8.0/org.apache.batik.ext.awt.extension_1.7.0.v201806261756-4.8.0.jar:/Users/harikirtan/.m2/repository/com/innoventsolutions/birt/runtime/javax.wsdl_1.5.1.v201012040544/4.8.0/javax.wsdl_1.5.1.v201012040544-4.8.0.jar:/Users/harikirtan/.m2/repository/com/innoventsolutions/birt/runtime/org.eclipse.osgi.util_3.5.0.v20180219-1511/4.8.0/org.eclipse.osgi.util_3.5.0.v20180219-1511-4.8.0.jar:/Users/harikirtan/.m2/repository/com/innoventsolutions/birt/runtime/org.eclipse.datatools.connectivity_1.14.1.201712071719/4.8.0/org.eclipse.datatools.connectivity_1.14.1.201712071719-4.8.0.jar:/Users/harikirtan/.m2/repository/com/innoventsolutions/birt/runtime/org.apache.felix.scr_2.0.14.v20180117-1452/4.8.0/org.apache.felix.scr_2.0.14.v20180117-1452-4.8.0.jar:/Users/harikirtan/.m2/repository/com/innoventsolutions/birt/runtime/org.eclipse.datatools.connectivity.apache.derby.dbdefinition_1.2.1.201712071719/4.8.0/org.eclipse.datatools.connectivity.apache.derby.dbdefinition_1.2.1.201712071719-4.8.0.jar:/Users/harikirtan/.m2/repository/com/innoventsolutions/birt/runtime/org.eclipse.datatools.connectivity.db.generic_1.2.1.201712071719/4.8.0/org.eclipse.datatools.connectivity.db.generic_1.2.1.201712071719-4.8.0.jar:/Users/harikirtan/.m2/repository/com/innoventsolutions/birt/runtime/org.apache.lucene.analyzers-common_6.1.0.v20161115-1612/4.8.0/org.apache.lucene.analyzers-common_6.1.0.v20161115-1612-4.8.0.jar:/Users/harikirtan/.m2/repository/com/innoventsolutions/birt/runtime/org.apache.xml.serializer_2.7.1.v201005080400/4.8.0/org.apache.xml.serializer_2.7.1.v201005080400-4.8.0.jar:/Users/harikirtan/.m2/repository/com/innoventsolutions/birt/runtime/net.sourceforge.lpg.lpgjavaruntime_1.1.0.v201004271650/4.8.0/net.sourceforge.lpg.lpgjavaruntime_1.1.0.v201004271650-4.8.0.jar:/Users/harikirtan/.m2/repository/com/innoventsolutions/birt/runtime/org.apache.batik.util.gui_1.7.0.v200903091627/4.8.0/org.apache.batik.util.gui_1.7.0.v200903091627-4.8.0.jar:/Users/harikirtan/.m2/repository/com/innoventsolutions/birt/runtime/com.lowagie.text_2.1.7.v201004222200/4.8.0/com.lowagie.text_2.1.7.v201004222200-4.8.0.jar:/Users/harikirtan/.m2/repository/com/innoventsolutions/birt/runtime/org.eclipse.equinox.common_3.10.0.v20180412-1130/4.8.0/org.eclipse.equinox.common_3.10.0.v20180412-1130-4.8.0.jar:/Users/harikirtan/.m2/repository/org/springframework/boot/spring-boot-starter-test/2.2.13.RELEASE/spring-boot-starter-test-2.2.13.RELEASE.jar:/Users/harikirtan/.m2/repository/org/springframework/boot/spring-boot-test/2.2.13.RELEASE/spring-boot-test-2.2.13.RELEASE.jar:/Users/harikirtan/.m2/repository/org/springframework/boot/spring-boot-test-autoconfigure/2.2.13.RELEASE/spring-boot-test-autoconfigure-2.2.13.RELEASE.jar:/Users/harikirtan/.m2/repository/com/jayway/jsonpath/json-path/2.4.0/json-path-2.4.0.jar:/Users/harikirtan/.m2/repository/net/minidev/json-smart/2.3/json-smart-2.3.jar:/Users/harikirtan/.m2/repository/net/minidev/accessors-smart/1.2/accessors-smart-1.2.jar:/Users/harikirtan/.m2/repository/org/ow2/asm/asm/5.0.4/asm-5.0.4.jar:/Users/harikirtan/.m2/repository/jakarta/xml/bind/jakarta.xml.bind-api/2.3.3/jakarta.xml.bind-api-2.3.3.jar:/Users/harikirtan/.m2/repository/jakarta/activation/jakarta.activation-api/1.2.2/jakarta.activation-api-1.2.2.jar:/Users/harikirtan/.m2/repository/org/junit/jupiter/junit-jupiter/5.5.2/junit-jupiter-5.5.2.jar:/Users/harikirtan/.m2/repository/org/junit/jupiter/junit-jupiter-api/5.5.2/junit-jupiter-api-5.5.2.jar:/Users/harikirtan/.m2/repository/org/apiguardian/apiguardian-api/1.1.0/apiguardian-api-1.1.0.jar:/Users/harikirtan/.m2/repository/org/opentest4j/opentest4j/1.2.0/opentest4j-1.2.0.jar:/Users/harikirtan/.m2/repository/org/junit/platform/junit-platform-commons/1.5.2/junit-platform-commons-1.5.2.jar:/Users/harikirtan/.m2/repository/org/junit/jupiter/junit-jupiter-params/5.5.2/junit-jupiter-params-5.5.2.jar:/Users/harikirtan/.m2/repository/org/junit/jupiter/junit-jupiter-engine/5.5.2/junit-jupiter-engine-5.5.2.jar:/Users/harikirtan/.m2/repository/org/junit/platform/junit-platform-engine/1.5.2/junit-platform-engine-1.5.2.jar:/Users/harikirtan/.m2/repository/org/mockito/mockito-junit-jupiter/3.1.0/mockito-junit-jupiter-3.1.0.jar:/Users/harikirtan/.m2/repository/org/assertj/assertj-core/3.13.2/assertj-core-3.13.2.jar:/Users/harikirtan/.m2/repository/org/hamcrest/hamcrest/2.1/hamcrest-2.1.jar:/Users/harikirtan/.m2/repository/org/mockito/mockito-core/3.1.0/mockito-core-3.1.0.jar:/Users/harikirtan/.m2/repository/net/bytebuddy/byte-buddy-agent/1.10.19/byte-buddy-agent-1.10.19.jar:/Users/harikirtan/.m2/repository/org/objenesis/objenesis/2.6/objenesis-2.6.jar:/Users/harikirtan/.m2/repository/org/skyscreamer/jsonassert/1.5.0/jsonassert-1.5.0.jar:/Users/harikirtan/.m2/repository/com/vaadin/external/google/android-json/0.0.20131108.vaadin1/android-json-0.0.20131108.vaadin1.jar:/Users/harikirtan/.m2/repository/org/springframework/spring-core/5.2.12.RELEASE/spring-core-5.2.12.RELEASE.jar:/Users/harikirtan/.m2/repository/org/springframework/spring-jcl/5.2.12.RELEASE/spring-jcl-5.2.12.RELEASE.jar:/Users/harikirtan/.m2/repository/org/springframework/spring-test/5.2.12.RELEASE/spring-test-5.2.12.RELEASE.jar:/Users/harikirtan/.m2/repository/org/xmlunit/xmlunit-core/2.6.4/xmlunit-core-2.6.4.jar:/Users/harikirtan/.m2/repository/org/springframework/boot/spring-boot-starter-logging/2.2.13.RELEASE/spring-boot-starter-logging-2.2.13.RELEASE.jar:/Users/harikirtan/.m2/repository/org/apache/logging/log4j/log4j-to-slf4j/2.12.1/log4j-to-slf4j-2.12.1.jar:/Users/harikirtan/.m2/repository/org/apache/logging/log4j/log4j-api/2.12.1/log4j-api-2.12.1.jar:/Users/harikirtan/.m2/repository/org/slf4j/jul-to-slf4j/1.7.30/jul-to-slf4j-1.7.30.jar:"/>
    <property name="java.vm.vendor" value="Eclipse Adoptium"/>
    <property name="sun.arch.data.model" value="64"/>
    <property name="java.vendor.url" value="https://adoptium.net/"/>
    <property name="os.name" value="Mac OS X"/>
    <property name="java.vm.specification.version" value="17"/>
    <property name="sun.java.launcher" value="SUN_STANDARD"/>
    <property name="user.country" value="IN"/>
    <property name="sun.boot.library.path" value="/Library/Java/JavaVirtualMachines/temurin-17.jdk/Contents/Home/lib"/>
    <property name="sun.java.command" value="/Users/harikirtan/Documents/GitHub/iyf/target/surefire/surefirebooter14971737749734571155.jar /Users/harikirtan/Documents/GitHub/iyf/target/surefire 2024-09-16T02-27-28_795-jvmRun1 surefire10370430670398657494tmp surefire_016455078249503874076tmp"/>
    <property name="http.nonProxyHosts" value="local|*.local|169.254/16|*.169.254/16"/>
    <property name="jdk.debug" value="release"/>
    <property name="surefire.test.class.path" value="/Users/harikirtan/Documents/GitHub/iyf/target/test-classes:/Users/harikirtan/Documents/GitHub/iyf/target/classes:/Users/harikirtan/.m2/repository/org/springframework/boot/spring-boot-starter-data-jpa/2.2.13.RELEASE/spring-boot-starter-data-jpa-2.2.13.RELEASE.jar:/Users/harikirtan/.m2/repository/org/springframework/boot/spring-boot-starter-aop/2.2.13.RELEASE/spring-boot-starter-aop-2.2.13.RELEASE.jar:/Users/harikirtan/.m2/repository/org/aspectj/aspectjweaver/1.9.6/aspectjweaver-1.9.6.jar:/Users/harikirtan/.m2/repository/org/springframework/boot/spring-boot-starter-jdbc/2.2.13.RELEASE/spring-boot-starter-jdbc-2.2.13.RELEASE.jar:/Users/harikirtan/.m2/repository/com/zaxxer/HikariCP/3.4.5/HikariCP-3.4.5.jar:/Users/harikirtan/.m2/repository/org/springframework/spring-jdbc/5.2.12.RELEASE/spring-jdbc-5.2.12.RELEASE.jar:/Users/harikirtan/.m2/repository/jakarta/persistence/jakarta.persistence-api/2.2.3/jakarta.persistence-api-2.2.3.jar:/Users/harikirtan/.m2/repository/jakarta/transaction/jakarta.transaction-api/1.3.3/jakarta.transaction-api-1.3.3.jar:/Users/harikirtan/.m2/repository/org/hibernate/hibernate-core/5.4.27.Final/hibernate-core-5.4.27.Final.jar:/Users/harikirtan/.m2/repository/org/jboss/logging/jboss-logging/3.4.1.Final/jboss-logging-3.4.1.Final.jar:/Users/harikirtan/.m2/repository/org/javassist/javassist/3.27.0-GA/javassist-3.27.0-GA.jar:/Users/harikirtan/.m2/repository/net/bytebuddy/byte-buddy/1.10.19/byte-buddy-1.10.19.jar:/Users/harikirtan/.m2/repository/antlr/antlr/2.7.7/antlr-2.7.7.jar:/Users/harikirtan/.m2/repository/org/jboss/jandex/2.1.3.Final/jandex-2.1.3.Final.jar:/Users/harikirtan/.m2/repository/com/fasterxml/classmate/1.5.1/classmate-1.5.1.jar:/Users/harikirtan/.m2/repository/org/dom4j/dom4j/2.1.3/dom4j-2.1.3.jar:/Users/harikirtan/.m2/repository/org/hibernate/common/hibernate-commons-annotations/5.1.2.Final/hibernate-commons-annotations-5.1.2.Final.jar:/Users/harikirtan/.m2/repository/org/glassfish/jaxb/jaxb-runtime/2.3.3/jaxb-runtime-2.3.3.jar:/Users/harikirtan/.m2/repository/org/glassfish/jaxb/txw2/2.3.3/txw2-2.3.3.jar:/Users/harikirtan/.m2/repository/com/sun/istack/istack-commons-runtime/3.0.11/istack-commons-runtime-3.0.11.jar:/Users/harikirtan/.m2/repository/com/sun/activation/jakarta.activation/1.2.2/jakarta.activation-1.2.2.jar:/Users/harikirtan/.m2/repository/org/springframework/data/spring-data-jpa/2.2.12.RELEASE/spring-data-jpa-2.2.12.RELEASE.jar:/Users/harikirtan/.m2/repository/org/springframework/data/spring-data-commons/2.2.12.RELEASE/spring-data-commons-2.2.12.RELEASE.jar:/Users/harikirtan/.m2/repository/org/springframework/spring-orm/5.2.12.RELEASE/spring-orm-5.2.12.RELEASE.jar:/Users/harikirtan/.m2/repository/org/springframework/spring-context/5.2.12.RELEASE/spring-context-5.2.12.RELEASE.jar:/Users/harikirtan/.m2/repository/org/springframework/spring-tx/5.2.12.RELEASE/spring-tx-5.2.12.RELEASE.jar:/Users/harikirtan/.m2/repository/org/springframework/spring-beans/5.2.12.RELEASE/spring-beans-5.2.12.RELEASE.jar:/Users/harikirtan/.m2/repository/org/springframework/spring-aspects/5.2.12.RELEASE/spring-aspects-5.2.12.RELEASE.jar:/Users/harikirtan/.m2/repository/org/springframework/boot/spring-boot-starter-thymeleaf/2.2.13.RELEASE/spring-boot-starter-thymeleaf-2.2.13.RELEASE.jar:/Users/harikirtan/.m2/repository/org/springframework/boot/spring-boot-starter/2.2.13.RELEASE/spring-boot-starter-2.2.13.RELEASE.jar:/Users/harikirtan/.m2/repository/jakarta/annotation/jakarta.annotation-api/1.3.5/jakarta.annotation-api-1.3.5.jar:/Users/harikirtan/.m2/repository/org/yaml/snakeyaml/1.25/snakeyaml-1.25.jar:/Users/harikirtan/.m2/repository/org/thymeleaf/thymeleaf-spring5/3.0.12.RELEASE/thymeleaf-spring5-3.0.12.RELEASE.jar:/Users/harikirtan/.m2/repository/org/thymeleaf/thymeleaf/3.0.12.RELEASE/thymeleaf-3.0.12.RELEASE.jar:/Users/harikirtan/.m2/repository/org/attoparser/attoparser/2.0.5.RELEASE/attoparser-2.0.5.RELEASE.jar:/Users/harikirtan/.m2/repository/org/unbescape/unbescape/1.1.6.RELEASE/unbescape-1.1.6.RELEASE.jar:/Users/harikirtan/.m2/repository/org/thymeleaf/extras/thymeleaf-extras-java8time/3.0.4.RELEASE/thymeleaf-extras-java8time-3.0.4.RELEASE.jar:/Users/harikirtan/.m2/repository/org/springframework/boot/spring-boot-starter-web/2.2.13.RELEASE/spring-boot-starter-web-2.2.13.RELEASE.jar:/Users/harikirtan/.m2/repository/org/springframework/boot/spring-boot-starter-json/2.2.13.RELEASE/spring-boot-starter-json-2.2.13.RELEASE.jar:/Users/harikirtan/.m2/repository/com/fasterxml/jackson/datatype/jackson-datatype-jdk8/2.14.1/jackson-datatype-jdk8-2.14.1.jar:/Users/harikirtan/.m2/repository/com/fasterxml/jackson/module/jackson-module-parameter-names/2.14.1/jackson-module-parameter-names-2.14.1.jar:/Users/harikirtan/.m2/repository/org/springframework/boot/spring-boot-starter-tomcat/2.2.13.RELEASE/spring-boot-starter-tomcat-2.2.13.RELEASE.jar:/Users/harikirtan/.m2/repository/org/apache/tomcat/embed/tomcat-embed-core/9.0.41/tomcat-embed-core-9.0.41.jar:/Users/harikirtan/.m2/repository/org/apache/tomcat/embed/tomcat-embed-websocket/9.0.41/tomcat-embed-websocket-9.0.41.jar:/Users/harikirtan/.m2/repository/org/springframework/spring-web/5.2.12.RELEASE/spring-web-5.2.12.RELEASE.jar:/Users/harikirtan/.m2/repository/org/springframework/spring-webmvc/5.2.12.RELEASE/spring-webmvc-5.2.12.RELEASE.jar:/Users/harikirtan/.m2/repository/org/springframework/spring-expression/5.2.12.RELEASE/spring-expression-5.2.12.RELEASE.jar:/Users/harikirtan/.m2/repository/org/springframework/boot/spring-boot-starter-security/2.2.13.RELEASE/spring-boot-starter-security-2.2.13.RELEASE.jar:/Users/harikirtan/.m2/repository/org/springframework/spring-aop/5.2.12.RELEASE/spring-aop-5.2.12.RELEASE.jar:/Users/harikirtan/.m2/repository/org/springframework/security/spring-security-config/5.2.8.RELEASE/spring-security-config-5.2.8.RELEASE.jar:/Users/harikirtan/.m2/repository/org/springframework/security/spring-security-core/5.2.8.RELEASE/spring-security-core-5.2.8.RELEASE.jar:/Users/harikirtan/.m2/repository/org/springframework/security/spring-security-web/5.2.8.RELEASE/spring-security-web-5.2.8.RELEASE.jar:/Users/harikirtan/.m2/repository/org/springframework/boot/spring-boot-starter-validation/2.2.13.RELEASE/spring-boot-starter-validation-2.2.13.RELEASE.jar:/Users/harikirtan/.m2/repository/jakarta/validation/jakarta.validation-api/2.0.2/jakarta.validation-api-2.0.2.jar:/Users/harikirtan/.m2/repository/org/apache/tomcat/embed/tomcat-embed-el/9.0.41/tomcat-embed-el-9.0.41.jar:/Users/harikirtan/.m2/repository/org/hibernate/validator/hibernate-validator/6.0.22.Final/hibernate-validator-6.0.22.Final.jar:/Users/harikirtan/.m2/repository/org/thymeleaf/extras/thymeleaf-extras-springsecurity5/3.0.4.RELEASE/thymeleaf-extras-springsecurity5-3.0.4.RELEASE.jar:/Users/harikirtan/.m2/repository/org/slf4j/slf4j-api/1.7.30/slf4j-api-1.7.30.jar:/Users/harikirtan/.m2/repository/com/mchange/c3p0/0.9.5.5/c3p0-0.9.5.5.jar:/Users/harikirtan/.m2/repository/com/mchange/mchange-commons-java/0.2.19/mchange-commons-java-0.2.19.jar:/Users/harikirtan/.m2/repository/org/springframework/boot/spring-boot-devtools/2.2.13.RELEASE/spring-boot-devtools-2.2.13.RELEASE.jar:/Users/harikirtan/.m2/repository/org/springframework/boot/spring-boot/2.2.13.RELEASE/spring-boot-2.2.13.RELEASE.jar:/Users/harikirtan/.m2/repository/org/springframework/boot/spring-boot-autoconfigure/2.2.13.RELEASE/spring-boot-autoconfigure-2.2.13.RELEASE.jar:/Users/harikirtan/.m2/repository/org/postgresql/postgresql/42.2.18/postgresql-42.2.18.jar:/Users/harikirtan/.m2/repository/org/checkerframework/checker-qual/3.5.0/checker-qual-3.5.0.jar:/Users/harikirtan/.m2/repository/org/projectlombok/lombok/1.18.16/lombok-1.18.16.jar:/Users/harikirtan/.m2/repository/com/twilio/sdk/twilio/9.6.0/twilio-9.6.0.jar:/Users/harikirtan/.m2/repository/commons-codec/commons-codec/1.13/commons-codec-1.13.jar:/Users/harikirtan/.m2/repository/commons-io/commons-io/2.7/commons-io-2.7.jar:/Users/harikirtan/.m2/repository/org/apache/httpcomponents/httpclient/4.5.13/httpclient-4.5.13.jar:/Users/harikirtan/.m2/repository/org/apache/httpcomponents/httpcore/4.4.14/httpcore-4.4.14.jar:/Users/harikirtan/.m2/repository/com/fasterxml/jackson/core/jackson-core/2.14.1/jackson-core-2.14.1.jar:/Users/harikirtan/.m2/repository/com/fasterxml/jackson/core/jackson-annotations/2.14.1/jackson-annotations-2.14.1.jar:/Users/harikirtan/.m2/repository/com/fasterxml/jackson/datatype/jackson-datatype-jsr310/2.14.1/jackson-datatype-jsr310-2.14.1.jar:/Users/harikirtan/.m2/repository/com/fasterxml/jackson/dataformat/jackson-dataformat-xml/2.14.1/jackson-dataformat-xml-2.14.1.jar:/Users/harikirtan/.m2/repository/org/codehaus/woodstox/stax2-api/4.2.1/stax2-api-4.2.1.jar:/Users/harikirtan/.m2/repository/com/fasterxml/woodstox/woodstox-core/6.4.0/woodstox-core-6.4.0.jar:/Users/harikirtan/.m2/repository/org/json/json/20220320/json-20220320.jar:/Users/harikirtan/.m2/repository/com/google/guava/guava/23.4-jre/guava-23.4-jre.jar:/Users/harikirtan/.m2/repository/com/google/code/findbugs/jsr305/1.3.9/jsr305-1.3.9.jar:/Users/harikirtan/.m2/repository/com/google/errorprone/error_prone_annotations/2.0.18/error_prone_annotations-2.0.18.jar:/Users/harikirtan/.m2/repository/com/google/j2objc/j2objc-annotations/1.1/j2objc-annotations-1.1.jar:/Users/harikirtan/.m2/repository/org/codehaus/mojo/animal-sniffer-annotations/1.14/animal-sniffer-annotations-1.14.jar:/Users/harikirtan/.m2/repository/com/fasterxml/jackson/core/jackson-databind/2.15.2/jackson-databind-2.15.2.jar:/Users/harikirtan/.m2/repository/io/jsonwebtoken/jjwt-api/0.11.5/jjwt-api-0.11.5.jar:/Users/harikirtan/.m2/repository/io/jsonwebtoken/jjwt-impl/0.11.5/jjwt-impl-0.11.5.jar:/Users/harikirtan/.m2/repository/io/jsonwebtoken/jjwt-jackson/0.11.5/jjwt-jackson-0.11.5.jar:/Users/harikirtan/.m2/repository/com/innoventsolutions/birt/runtime/org.eclipse.birt.runtime_4.8.0-20180626/4.8.0/org.eclipse.birt.runtime_4.8.0-20180626-4.8.0.jar:/Users/harikirtan/.m2/repository/com/innoventsolutions/birt/runtime/org.eclipse.equinox.event_1.4.200.v20180426-0845/4.8.0/org.eclipse.equinox.event_1.4.200.v20180426-0845-4.8.0.jar:/Users/harikirtan/.m2/repository/com/innoventsolutions/birt/runtime/org.eclipse.core.expressions_3.6.100.v20180426-1644/4.8.0/org.eclipse.core.expressions_3.6.100.v20180426-1644-4.8.0.jar:/Users/harikirtan/.m2/repository/com/innoventsolutions/birt/runtime/org.eclipse.emf.common_2.14.0.v20180527-1134/4.8.0/org.eclipse.emf.common_2.14.0.v20180527-1134-4.8.0.jar:/Users/harikirtan/.m2/repository/com/innoventsolutions/birt/runtime/org.eclipse.osgi_3.13.0.v20180409-1500/4.8.0/org.eclipse.osgi_3.13.0.v20180409-1500-4.8.0.jar:/Users/harikirtan/.m2/repository/com/innoventsolutions/birt/runtime/org.apache.batik.dom.svg_1.7.0.v201011041433/4.8.0/org.apache.batik.dom.svg_1.7.0.v201011041433-4.8.0.jar:/Users/harikirtan/.m2/repository/com/innoventsolutions/birt/runtime/org.w3c.dom.svg.extension_1.1.0.v201806261756/4.8.0/org.w3c.dom.svg.extension_1.1.0.v201806261756-4.8.0.jar:/Users/harikirtan/.m2/repository/com/innoventsolutions/birt/runtime/org.eclipse.equinox.simpleconfigurator_1.3.0.v20180502-1828/4.8.0/org.eclipse.equinox.simpleconfigurator_1.3.0.v20180502-1828-4.8.0.jar:/Users/harikirtan/.m2/repository/com/innoventsolutions/birt/runtime/org.eclipse.equinox.frameworkadmin.equinox_1.1.0.v20180512-1128/4.8.0/org.eclipse.equinox.frameworkadmin.equinox_1.1.0.v20180512-1128-4.8.0.jar:/Users/harikirtan/.m2/repository/com/innoventsolutions/birt/runtime/org.apache.lucene.core_6.1.0.v20170814-1820/4.8.0/org.apache.lucene.core_6.1.0.v20170814-1820-4.8.0.jar:/Users/harikirtan/.m2/repository/com/innoventsolutions/birt/runtime/org.eclipse.emf.ecore_2.14.0.v20180529-1144/4.8.0/org.eclipse.emf.ecore_2.14.0.v20180529-1144-4.8.0.jar:/Users/harikirtan/.m2/repository/com/innoventsolutions/birt/runtime/org.apache.batik.transcoder_1.7.0.v201011041433/4.8.0/org.apache.batik.transcoder_1.7.0.v201011041433-4.8.0.jar:/Users/harikirtan/.m2/repository/com/innoventsolutions/birt/runtime/org.apache.commons.codec_1.9.0.v20170208-1614/4.8.0/org.apache.commons.codec_1.9.0.v20170208-1614-4.8.0.jar:/Users/harikirtan/.m2/repository/com/innoventsolutions/birt/runtime/org.sat4j.core_2.3.5.v201308161310/4.8.0/org.sat4j.core_2.3.5.v201308161310-4.8.0.jar:/Users/harikirtan/.m2/repository/com/innoventsolutions/birt/runtime/org.apache.batik.ext.awt_1.7.0.v201011041433/4.8.0/org.apache.batik.ext.awt_1.7.0.v201011041433-4.8.0.jar:/Users/harikirtan/.m2/repository/com/innoventsolutions/birt/runtime/org.eclipse.equinox.frameworkadmin_2.1.0.v20180131-0638/4.8.0/org.eclipse.equinox.frameworkadmin_2.1.0.v20180131-0638-4.8.0.jar:/Users/harikirtan/.m2/repository/com/innoventsolutions/birt/runtime/org.w3c.dom.smil_1.0.1.v200903091627/4.8.0/org.w3c.dom.smil_1.0.1.v200903091627-4.8.0.jar:/Users/harikirtan/.m2/repository/com/innoventsolutions/birt/runtime/org.tukaani.xz_1.8.0.v20180207-1613/4.8.0/org.tukaani.xz_1.8.0.v20180207-1613-4.8.0.jar:/Users/harikirtan/.m2/repository/com/innoventsolutions/birt/runtime/org.eclipse.datatools.connectivity.apache.derby_1.2.1.201712071719/4.8.0/org.eclipse.datatools.connectivity.apache.derby_1.2.1.201712071719-4.8.0.jar:/Users/harikirtan/.m2/repository/com/innoventsolutions/birt/runtime/org.eclipse.equinox.preferences_3.7.100.v20180510-1129/4.8.0/org.eclipse.equinox.preferences_3.7.100.v20180510-1129-4.8.0.jar:/Users/harikirtan/.m2/repository/com/innoventsolutions/birt/runtime/org.eclipse.equinox.app_1.3.500.v20171221-2204/4.8.0/org.eclipse.equinox.app_1.3.500.v20171221-2204-4.8.0.jar:/Users/harikirtan/.m2/repository/com/innoventsolutions/birt/runtime/org.apache.batik.dom_1.7.1.v201505191845/4.8.0/org.apache.batik.dom_1.7.1.v201505191845-4.8.0.jar:/Users/harikirtan/.m2/repository/com/innoventsolutions/birt/runtime/com.ibm.icu_58.2.0.v20170418-1837/4.8.0/com.ibm.icu_58.2.0.v20170418-1837-4.8.0.jar:/Users/harikirtan/.m2/repository/com/innoventsolutions/birt/runtime/flute/4.8.0/flute-4.8.0.jar:/Users/harikirtan/.m2/repository/com/innoventsolutions/birt/runtime/org.eclipse.emf.ecore.xmi_2.14.0.v20180129-1548/4.8.0/org.eclipse.emf.ecore.xmi_2.14.0.v20180129-1548-4.8.0.jar:/Users/harikirtan/.m2/repository/com/innoventsolutions/birt/runtime/org.eclipse.datatools.connectivity.oda_3.6.1.201712071719/4.8.0/org.eclipse.datatools.connectivity.oda_3.6.1.201712071719-4.8.0.jar:/Users/harikirtan/.m2/repository/com/innoventsolutions/birt/runtime/org.w3c.css.sac_1.3.1.v200903091627/4.8.0/org.w3c.css.sac_1.3.1.v200903091627-4.8.0.jar:/Users/harikirtan/.m2/repository/com/innoventsolutions/birt/runtime/org.apache.batik.svggen_1.7.0.v201011041433/4.8.0/org.apache.batik.svggen_1.7.0.v201011041433-4.8.0.jar:/Users/harikirtan/.m2/repository/com/innoventsolutions/birt/runtime/org.apache.derby_10.11.1.1_v201605202053/4.8.0/org.apache.derby_10.11.1.1_v201605202053-4.8.0.jar:/Users/harikirtan/.m2/repository/com/innoventsolutions/birt/runtime/org.eclipse.osgi.services_3.7.0.v20180223-1712/4.8.0/org.eclipse.osgi.services_3.7.0.v20180223-1712-4.8.0.jar:/Users/harikirtan/.m2/repository/com/innoventsolutions/birt/runtime/org.eclipse.datatools.connectivity.oda.consumer_3.4.1.201712071719/4.8.0/org.eclipse.datatools.connectivity.oda.consumer_3.4.1.201712071719-4.8.0.jar:/Users/harikirtan/.m2/repository/com/innoventsolutions/birt/runtime/org.eclipse.core.resources_3.13.0.v20180512-1138/4.8.0/org.eclipse.core.resources_3.13.0.v20180512-1138-4.8.0.jar:/Users/harikirtan/.m2/repository/com/innoventsolutions/birt/runtime/org.eclipse.equinox.simpleconfigurator.manipulator_2.1.0.v20180103-0918/4.8.0/org.eclipse.equinox.simpleconfigurator.manipulator_2.1.0.v20180103-0918-4.8.0.jar:/Users/harikirtan/.m2/repository/com/innoventsolutions/birt/runtime/org.eclipse.datatools.connectivity.console.profile_1.2.1.201712071719/4.8.0/org.eclipse.datatools.connectivity.console.profile_1.2.1.201712071719-4.8.0.jar:/Users/harikirtan/.m2/repository/com/innoventsolutions/birt/runtime/org.apache.batik.css_1.7.0.v201011041433/4.8.0/org.apache.batik.css_1.7.0.v201011041433-4.8.0.jar:/Users/harikirtan/.m2/repository/com/innoventsolutions/birt/runtime/org.eclipse.equinox.registry_3.8.0.v20180426-1327/4.8.0/org.eclipse.equinox.registry_3.8.0.v20180426-1327-4.8.0.jar:/Users/harikirtan/.m2/repository/com/innoventsolutions/birt/runtime/javax.xml.stream_1.0.1.v201004272200/4.8.0/javax.xml.stream_1.0.1.v201004272200-4.8.0.jar:/Users/harikirtan/.m2/repository/com/innoventsolutions/birt/runtime/org.eclipse.orbit.mongodb_3.2.2.v20170222-2110/4.8.0/org.eclipse.orbit.mongodb_3.2.2.v20170222-2110-4.8.0.jar:/Users/harikirtan/.m2/repository/com/innoventsolutions/birt/runtime/org.eclipse.core.runtime_3.14.0.v20180417-0825/4.8.0/org.eclipse.core.runtime_3.14.0.v20180417-0825-4.8.0.jar:/Users/harikirtan/.m2/repository/com/innoventsolutions/birt/runtime/org.mozilla.javascript_1.7.5.v201504281450/4.8.0/org.mozilla.javascript_1.7.5.v201504281450-4.8.0.jar:/Users/harikirtan/.m2/repository/com/innoventsolutions/birt/runtime/org.eclipse.update.configurator_3.4.0.v20180512-1141/4.8.0/org.eclipse.update.configurator_3.4.0.v20180512-1141-4.8.0.jar:/Users/harikirtan/.m2/repository/com/innoventsolutions/birt/runtime/org.apache.xerces_2.9.0.v201101211617/4.8.0/org.apache.xerces_2.9.0.v201101211617-4.8.0.jar:/Users/harikirtan/.m2/repository/com/innoventsolutions/birt/runtime/org.eclipse.datatools.connectivity.dbdefinition.genericJDBC_1.2.1.201712071719/4.8.0/org.eclipse.datatools.connectivity.dbdefinition.genericJDBC_1.2.1.201712071719-4.8.0.jar:/Users/harikirtan/.m2/repository/com/innoventsolutions/birt/runtime/org.w3c.dom.svg_1.1.0.v201011041433/4.8.0/org.w3c.dom.svg_1.1.0.v201011041433-4.8.0.jar:/Users/harikirtan/.m2/repository/com/innoventsolutions/birt/runtime/org.eclipse.datatools.connectivity.oda.design_3.5.1.201712071719/4.8.0/org.eclipse.datatools.connectivity.oda.design_3.5.1.201712071719-4.8.0.jar:/Users/harikirtan/.m2/repository/com/innoventsolutions/birt/runtime/javax.xml_1.3.4.v201005080400/4.8.0/javax.xml_1.3.4.v201005080400-4.8.0.jar:/Users/harikirtan/.m2/repository/com/innoventsolutions/birt/runtime/org.sat4j.pb_2.3.5.v201404071733/4.8.0/org.sat4j.pb_2.3.5.v201404071733-4.8.0.jar:/Users/harikirtan/.m2/repository/com/innoventsolutions/birt/runtime/org.eclipse.datatools.connectivity.sqm.core_1.4.1.201712071719/4.8.0/org.eclipse.datatools.connectivity.sqm.core_1.4.1.201712071719-4.8.0.jar:/Users/harikirtan/.m2/repository/com/innoventsolutions/birt/runtime/org.eclipse.datatools.connectivity.oda.profile_3.4.1.201712071719/4.8.0/org.eclipse.datatools.connectivity.oda.profile_3.4.1.201712071719-4.8.0.jar:/Users/harikirtan/.m2/repository/com/innoventsolutions/birt/runtime/org.eclipse.help_3.8.100.v20180512-1136/4.8.0/org.eclipse.help_3.8.100.v20180512-1136-4.8.0.jar:/Users/harikirtan/.m2/repository/com/innoventsolutions/birt/runtime/org.eclipse.emf.ecore.change_2.12.0.v20180125-1130/4.8.0/org.eclipse.emf.ecore.change_2.12.0.v20180125-1130-4.8.0.jar:/Users/harikirtan/.m2/repository/com/innoventsolutions/birt/runtime/org.apache.poi_3.9.0.v201405241750/4.8.0/org.apache.poi_3.9.0.v201405241750-4.8.0.jar:/Users/harikirtan/.m2/repository/com/innoventsolutions/birt/runtime/org.apache.commons.logging_1.1.1.v201101211721/4.8.0/org.apache.commons.logging_1.1.1.v201101211721-4.8.0.jar:/Users/harikirtan/.m2/repository/com/innoventsolutions/birt/runtime/org.apache.lucene.queryparser_6.1.0.v20161115-1612/4.8.0/org.apache.lucene.queryparser_6.1.0.v20161115-1612-4.8.0.jar:/Users/harikirtan/.m2/repository/com/innoventsolutions/birt/runtime/org.w3c.dom.events_3.0.0.draft20060413_v201105210656/4.8.0/org.w3c.dom.events_3.0.0.draft20060413_v201105210656-4.8.0.jar:/Users/harikirtan/.m2/repository/com/innoventsolutions/birt/runtime/org.apache.xml.resolver_1.2.0.v201005080400/4.8.0/org.apache.xml.resolver_1.2.0.v201005080400-4.8.0.jar:/Users/harikirtan/.m2/repository/com/innoventsolutions/birt/runtime/org.eclipse.core.jobs_3.10.0.v20180427-1454/4.8.0/org.eclipse.core.jobs_3.10.0.v20180427-1454-4.8.0.jar:/Users/harikirtan/.m2/repository/com/innoventsolutions/birt/runtime/org.eclipse.equinox.security_1.2.400.v20171221-2204/4.8.0/org.eclipse.equinox.security_1.2.400.v20171221-2204-4.8.0.jar:/Users/harikirtan/.m2/repository/com/innoventsolutions/birt/runtime/org.apache.batik.bridge_1.7.0.v201011041433/4.8.0/org.apache.batik.bridge_1.7.0.v201011041433-4.8.0.jar:/Users/harikirtan/.m2/repository/com/innoventsolutions/birt/runtime/org.apache.batik.parser_1.7.0.v201011041433/4.8.0/org.apache.batik.parser_1.7.0.v201011041433-4.8.0.jar:/Users/harikirtan/.m2/repository/com/innoventsolutions/birt/runtime/org.eclipse.core.contenttype_3.7.0.v20180426-1644/4.8.0/org.eclipse.core.contenttype_3.7.0.v20180426-1644-4.8.0.jar:/Users/harikirtan/.m2/repository/com/innoventsolutions/birt/runtime/org.eclipse.core.filesystem_1.7.100.v20180304-1102/4.8.0/org.eclipse.core.filesystem_1.7.100.v20180304-1102-4.8.0.jar:/Users/harikirtan/.m2/repository/com/innoventsolutions/birt/runtime/org.apache.batik.xml_1.7.0.v201011041433/4.8.0/org.apache.batik.xml_1.7.0.v201011041433-4.8.0.jar:/Users/harikirtan/.m2/repository/com/innoventsolutions/birt/runtime/org.eclipse.equinox.ds_1.5.100.v20171221-2204/4.8.0/org.eclipse.equinox.ds_1.5.100.v20171221-2204-4.8.0.jar:/Users/harikirtan/.m2/repository/com/innoventsolutions/birt/runtime/org.apache.batik.util_1.7.0.v201011041433/4.8.0/org.apache.batik.util_1.7.0.v201011041433-4.8.0.jar:/Users/harikirtan/.m2/repository/com/innoventsolutions/birt/runtime/org.eclipse.datatools.connectivity.oda.flatfile_3.3.1.201712071719/4.8.0/org.eclipse.datatools.connectivity.oda.flatfile_3.3.1.201712071719-4.8.0.jar:/Users/harikirtan/.m2/repository/com/innoventsolutions/birt/runtime/org.apache.batik.ext.awt.extension_1.7.0.v201806261756/4.8.0/org.apache.batik.ext.awt.extension_1.7.0.v201806261756-4.8.0.jar:/Users/harikirtan/.m2/repository/com/innoventsolutions/birt/runtime/javax.wsdl_1.5.1.v201012040544/4.8.0/javax.wsdl_1.5.1.v201012040544-4.8.0.jar:/Users/harikirtan/.m2/repository/com/innoventsolutions/birt/runtime/org.eclipse.osgi.util_3.5.0.v20180219-1511/4.8.0/org.eclipse.osgi.util_3.5.0.v20180219-1511-4.8.0.jar:/Users/harikirtan/.m2/repository/com/innoventsolutions/birt/runtime/org.eclipse.datatools.connectivity_1.14.1.201712071719/4.8.0/org.eclipse.datatools.connectivity_1.14.1.201712071719-4.8.0.jar:/Users/harikirtan/.m2/repository/com/innoventsolutions/birt/runtime/org.apache.felix.scr_2.0.14.v20180117-1452/4.8.0/org.apache.felix.scr_2.0.14.v20180117-1452-4.8.0.jar:/Users/harikirtan/.m2/repository/com/innoventsolutions/birt/runtime/org.eclipse.datatools.connectivity.apache.derby.dbdefinition_1.2.1.201712071719/4.8.0/org.eclipse.datatools.connectivity.apache.derby.dbdefinition_1.2.1.201712071719-4.8.0.jar:/Users/harikirtan/.m2/repository/com/innoventsolutions/birt/runtime/org.eclipse.datatools.connectivity.db.generic_1.2.1.201712071719/4.8.0/org.eclipse.datatools.connectivity.db.generic_1.2.1.201712071719-4.8.0.jar:/Users/harikirtan/.m2/repository/com/innoventsolutions/birt/runtime/org.apache.lucene.analyzers-common_6.1.0.v20161115-1612/4.8.0/org.apache.lucene.analyzers-common_6.1.0.v20161115-1612-4.8.0.jar:/Users/harikirtan/.m2/repository/com/innoventsolutions/birt/runtime/org.apache.xml.serializer_2.7.1.v201005080400/4.8.0/org.apache.xml.serializer_2.7.1.v201005080400-4.8.0.jar:/Users/harikirtan/.m2/repository/com/innoventsolutions/birt/runtime/net.sourceforge.lpg.lpgjavaruntime_1.1.0.v201004271650/4.8.0/net.sourceforge.lpg.lpgjavaruntime_1.1.0.v201004271650-4.8.0.jar:/Users/harikirtan/.m2/repository/com/innoventsolutions/birt/runtime/org.apache.batik.util.gui_1.7.0.v200903091627/4.8.0/org.apache.batik.util.gui_1.7.0.v200903091627-4.8.0.jar:/Users/harikirtan/.m2/repository/com/innoventsolutions/birt/runtime/com.lowagie.text_2.1.7.v201004222200/4.8.0/com.lowagie.text_2.1.7.v201004222200-4.8.0.jar:/Users/harikirtan/.m2/repository/com/innoventsolutions/birt/runtime/org.eclipse.equinox.common_3.10.0.v20180412-1130/4.8.0/org.eclipse.equinox.common_3.10.0.v20180412-1130-4.8.0.jar:/Users/harikirtan/.m2/repository/org/springframework/boot/spring-boot-starter-test/2.2.13.RELEASE/spring-boot-starter-test-2.2.13.RELEASE.jar:/Users/harikirtan/.m2/repository/org/springframework/boot/spring-boot-test/2.2.13.RELEASE/spring-boot-test-2.2.13.RELEASE.jar:/Users/harikirtan/.m2/repository/org/springframework/boot/spring-boot-test-autoconfigure/2.2.13.RELEASE/spring-boot-test-autoconfigure-2.2.13.RELEASE.jar:/Users/harikirtan/.m2/repository/com/jayway/jsonpath/json-path/2.4.0/json-path-2.4.0.jar:/Users/harikirtan/.m2/repository/net/minidev/json-smart/2.3/json-smart-2.3.jar:/Users/harikirtan/.m2/repository/net/minidev/accessors-smart/1.2/accessors-smart-1.2.jar:/Users/harikirtan/.m2/repository/org/ow2/asm/asm/5.0.4/asm-5.0.4.jar:/Users/harikirtan/.m2/repository/jakarta/xml/bind/jakarta.xml.bind-api/2.3.3/jakarta.xml.bind-api-2.3.3.jar:/Users/harikirtan/.m2/repository/jakarta/activation/jakarta.activation-api/1.2.2/jakarta.activation-api-1.2.2.jar:/Users/harikirtan/.m2/repository/org/junit/jupiter/junit-jupiter/5.5.2/junit-jupiter-5.5.2.jar:/Users/harikirtan/.m2/repository/org/junit/jupiter/junit-jupiter-api/5.5.2/junit-jupiter-api-5.5.2.jar:/Users/harikirtan/.m2/repository/org/apiguardian/apiguardian-api/1.1.0/apiguardian-api-1.1.0.jar:/Users/harikirtan/.m2/repository/org/opentest4j/opentest4j/1.2.0/opentest4j-1.2.0.jar:/Users/harikirtan/.m2/repository/org/junit/platform/junit-platform-commons/1.5.2/junit-platform-commons-1.5.2.jar:/Users/harikirtan/.m2/repository/org/junit/jupiter/junit-jupiter-params/5.5.2/junit-jupiter-params-5.5.2.jar:/Users/harikirtan/.m2/repository/org/junit/jupiter/junit-jupiter-engine/5.5.2/junit-jupiter-engine-5.5.2.jar:/Users/harikirtan/.m2/repository/org/junit/platform/junit-platform-engine/1.5.2/junit-platform-engine-1.5.2.jar:/Users/harikirtan/.m2/repository/org/mockito/mockito-junit-jupiter/3.1.0/mockito-junit-jupiter-3.1.0.jar:/Users/harikirtan/.m2/repository/org/assertj/assertj-core/3.13.2/assertj-core-3.13.2.jar:/Users/harikirtan/.m2/repository/org/hamcrest/hamcrest/2.1/hamcrest-2.1.jar:/Users/harikirtan/.m2/repository/org/mockito/mockito-core/3.1.0/mockito-core-3.1.0.jar:/Users/harikirtan/.m2/repository/net/bytebuddy/byte-buddy-agent/1.10.19/byte-buddy-agent-1.10.19.jar:/Users/harikirtan/.m2/repository/org/objenesis/objenesis/2.6/objenesis-2.6.jar:/Users/harikirtan/.m2/repository/org/skyscreamer/jsonassert/1.5.0/jsonassert-1.5.0.jar:/Users/harikirtan/.m2/repository/com/vaadin/external/google/android-json/0.0.20131108.vaadin1/android-json-0.0.20131108.vaadin1.jar:/Users/harikirtan/.m2/repository/org/springframework/spring-core/5.2.12.RELEASE/spring-core-5.2.12.RELEASE.jar:/Users/harikirtan/.m2/repository/org/springframework/spring-jcl/5.2.12.RELEASE/spring-jcl-5.2.12.RELEASE.jar:/Users/harikirtan/.m2/repository/org/springframework/spring-test/5.2.12.RELEASE/spring-test-5.2.12.RELEASE.jar:/Users/harikirtan/.m2/repository/org/xmlunit/xmlunit-core/2.6.4/xmlunit-core-2.6.4.jar:/Users/harikirtan/.m2/repository/org/springframework/boot/spring-boot-starter-logging/2.2.13.RELEASE/spring-boot-starter-logging-2.2.13.RELEASE.jar:/Users/harikirtan/.m2/repository/org/apache/logging/log4j/log4j-to-slf4j/2.12.1/log4j-to-slf4j-2.12.1.jar:/Users/harikirtan/.m2/repository/org/apache/logging/log4j/log4j-api/2.12.1/log4j-api-2.12.1.jar:/Users/harikirtan/.m2/repository/org/slf4j/jul-to-slf4j/1.7.30/jul-to-slf4j-1.7.30.jar:"/>
    <property name="sun.cpu.endian" value="little"/>
    <property name="user.home" value="/Users/harikirtan"/>
    <property name="user.language" value="en"/>
    <property name="java.specification.vendor" value="Oracle Corporation"/>
    <property name="java.version.date" value="2022-10-18"/>
    <property name="java.home" value="/Library/Java/JavaVirtualMachines/temurin-17.jdk/Contents/Home"/>
    <property name="file.separator" value="/"/>
    <property name="style.color" value="always"/>
    <property name="basedir" value="/Users/harikirtan/Documents/GitHub/iyf"/>
    <property name="java.vm.compressedOopsMode" value="Zero based"/>
    <property name="line.separator" value="&#10;"/>
    <property name="java.vm.specification.vendor" value="Oracle Corporation"/>
    <property name="java.specification.name" value="Java Platform API Specification"/>
    <property name="surefire.real.class.path" value="/Users/harikirtan/Documents/GitHub/iyf/target/surefire/surefirebooter14971737749734571155.jar"/>
    <property name="sun.management.compiler" value="HotSpot 64-Bit Tiered Compilers"/>
    <property name="ftp.nonProxyHosts" value="local|*.local|169.254/16|*.169.254/16"/>
    <property name="java.runtime.version" value="17.0.5+8"/>
    <property name="user.name" value="harikirtan"/>
    <property name="path.separator" value=":"/>
    <property name="os.version" value="14.6.1"/>
    <property name="java.runtime.name" value="OpenJDK Runtime Environment"/>
    <property name="file.encoding" value="UTF-8"/>
    <property name="java.vm.name" value="OpenJDK 64-Bit Server VM"/>
    <property name="java.vendor.version" value="Temurin-17.0.5+8"/>
    <property name="localRepository" value="/Users/harikirtan/.m2/repository"/>
    <property name="java.vendor.url.bug" value="https://github.com/adoptium/adoptium-support/issues"/>
    <property name="java.io.tmpdir" value="/var/folders/mv/8cx5hgsn2ps2zyv1j6jy7kmh0000gn/T/"/>
    <property name="java.version" value="17.0.5"/>
    <property name="user.dir" value="/Users/harikirtan/Documents/GitHub/iyf"/>
    <property name="os.arch" value="aarch64"/>
    <property name="java.vm.specification.name" value="Java Virtual Machine Specification"/>
    <property name="native.encoding" value="UTF-8"/>
    <property name="java.library.path" value="/Users/harikirtan/Library/Java/Extensions:/Library/Java/Extensions:/Network/Library/Java/Extensions:/System/Library/Java/Extensions:/usr/lib/java:."/>
    <property name="java.vm.info" value="mixed mode"/>
    <property name="java.vendor" value="Eclipse Adoptium"/>
    <property name="java.vm.version" value="17.0.5+8"/>
    <property name="sun.io.unicode.encoding" value="UnicodeBig"/>
    <property name="socksNonProxyHosts" value="local|*.local|169.254/16|*.169.254/16"/>
    <property name="java.class.version" value="61.0"/>
  </properties>
  <testcase name="contextLoads" classname="net.javaguides.springboot.SpringbootThymeleafCrudWebAppApplicationTests" time="0.041"/>
</testsuite>